Tech node (nm), Capacity (bytes), Number of banks, Associativity, Output width (bits), Access time (ns), Random cycle time (ns), Dynamic search energy (nJ), Dynamic read energy (nJ), Dynamic write energy (nJ), Standby leakage per bank(mW), Area (mm2), Ndwl, Ndbl, Nspd, Ndcm, Ndsam_level_1, Ndsam_level_2, Data arrary area efficiency %, Ntwl, Ntbl, Ntspd, Ntcm, Ntsam_level_1, Ntsam_level_2, Tag arrary area efficiency %, 
32, 2048, 1, 1, 512, 0.173814, 0.255745, N/A, 0.0146017, 0.0163659, 2.02064, 0.0210332, 2, 2, 1, 2, 1, 1, 13.6847, 2, 2, 0.5, 1, 1, 1, 58.5224, 
32, 2560, 1, 1, 512, 0.177702, 0.258148, N/A, 0.0147149, 0.0170254, 2.4088, 0.021833, 2, 2, 1, 2, 1, 1, 16.4711, 2, 2, 0.5, 1, 1, 1, 62.0793, 
32, 3072, 1, 1, 512, 0.17615, 0.254056, N/A, 0.0148368, 0.0176935, 2.80983, 0.0226485, 2, 2, 1, 2, 1, 1, 19.0512, 2, 2, 0.5, 1, 1, 1, 64.3237, 
32, 3584, 1, 1, 512, 0.178265, 0.25582, N/A, 0.0150774, 0.0181208, 3.1668, 0.0242242, 2, 2, 1, 2, 1, 1, 21.4563, 2, 2, 1, 1, 2, 1, 60.6502, 
32, 4096, 1, 1, 512, 0.18949, 0.257631, N/A, 0.015344, 0.0186332, 3.54053, 0.0265499, 2, 2, 1, 2, 1, 1, 23.6659, 2, 2, 2, 1, 4, 1, 52.5174, 
32, 5120, 1, 1, 512, 0.193914, 0.261075, N/A, 0.0155645, 0.0198135, 4.30097, 0.0283111, 2, 2, 1, 2, 1, 1, 27.7343, 2, 2, 2, 1, 4, 1, 57.2524, 
32, 6144, 1, 1, 512, 0.197664, 0.264236, N/A, 0.0157937, 0.0210025, 5.07428, 0.0301068, 2, 2, 1, 2, 1, 1, 31.3209, 2, 2, 2, 1, 4, 1, 60.41, 
32, 7168, 1, 1, 512, 0.201699, 0.267531, N/A, 0.0160143, 0.0221829, 5.83545, 0.0318797, 2, 2, 1, 2, 1, 1, 34.5103, 2, 2, 2, 1, 4, 1, 63.1912, 
32, 2048, 1, 1, 512, 0.173814, 0.255745, N/A, 0.0146017, 0.0163659, 2.02064, 0.0210332, 2, 2, 1, 2, 1, 1, 13.6847, 2, 2, 0.5, 1, 1, 1, 58.5224, 
32, 2560, 1, 1, 512, 0.177702, 0.258148, N/A, 0.0147149, 0.0170254, 2.4088, 0.021833, 2, 2, 1, 2, 1, 1, 16.4711, 2, 2, 0.5, 1, 1, 1, 62.0793, 
32, 3072, 1, 1, 512, 0.17615, 0.254056, N/A, 0.0148368, 0.0176935, 2.80983, 0.0226485, 2, 2, 1, 2, 1, 1, 19.0512, 2, 2, 0.5, 1, 1, 1, 64.3237, 
32, 3584, 1, 1, 512, 0.178265, 0.25582, N/A, 0.0150774, 0.0181208, 3.1668, 0.0242242, 2, 2, 1, 2, 1, 1, 21.4563, 2, 2, 1, 1, 2, 1, 60.6502, 
32, 4096, 1, 1, 512, 0.18949, 0.257631, N/A, 0.015344, 0.0186332, 3.54053, 0.0265499, 2, 2, 1, 2, 1, 1, 23.6659, 2, 2, 2, 1, 4, 1, 52.5174, 
32, 5120, 1, 1, 512, 0.193914, 0.261075, N/A, 0.0155645, 0.0198135, 4.30097, 0.0283111, 2, 2, 1, 2, 1, 1, 27.7343, 2, 2, 2, 1, 4, 1, 57.2524, 
32, 6144, 1, 1, 512, 0.197664, 0.264236, N/A, 0.0157937, 0.0210025, 5.07428, 0.0301068, 2, 2, 1, 2, 1, 1, 31.3209, 2, 2, 2, 1, 4, 1, 60.41, 
32, 7168, 1, 1, 512, 0.201699, 0.267531, N/A, 0.0160143, 0.0221829, 5.83545, 0.0318797, 2, 2, 1, 2, 1, 1, 34.5103, 2, 2, 2, 1, 4, 1, 63.1912, 
32, 8192, 1, 1, 512, 0.206846, 0.271074, N/A, 0.0160971, 0.0236302, 6.65507, 0.031818, 2, 2, 1, 2, 1, 1, 37.3137, 2, 2, 1, 1, 2, 1, 68.5707, 
32, 10240, 1, 1, 512, 0.21446, 0.27757, N/A, 0.0166838, 0.0257298, 8.13363, 0.0371469, 2, 2, 1, 2, 1, 1, 42.2004, 2, 2, 2, 1, 4, 1, 68.6454, 
32, 12288, 1, 1, 512, 0.222359, 0.284212, N/A, 0.0175057, 0.0280693, 9.76602, 0.0459512, 2, 2, 1, 2, 1, 1, 46.2373, 2, 2, 4, 1, 8, 1, 56.4877, 
32, 14336, 1, 1, 512, 0.231127, 0.291037, N/A, 0.0179484, 0.0303917, 11.3019, 0.0499351, 2, 2, 1, 2, 1, 1, 49.6357, 2, 2, 4, 1, 8, 1, 59.2296, 
32, 16384, 1, 1, 512, 0.249401, 0.297789, N/A, 0.0183082, 0.0326378, 12.8481, 0.0537714, 2, 2, 1, 2, 1, 1, 52.4415, 2, 2, 4, 1, 8, 1, 60.8385, 
32, 20480, 1, 1, 512, 0.265937, 0.311804, N/A, 0.0191777, 0.0372661, 15.9031, 0.0616723, 2, 2, 1, 2, 1, 1, 57.1185, 2, 2, 4, 1, 8, 1, 64.4311, 
32, 24576, 1, 1, 512, 0.282978, 0.325967, N/A, 0.0200465, 0.0418938, 18.9579, 0.0695886, 2, 2, 1, 2, 1, 1, 60.7292, 2, 2, 4, 1, 8, 1, 67.0118, 
32, 28672, 1, 1, 512, 0.300537, 0.340271, N/A, 0.0209158, 0.0465219, 22.0126, 0.077499, 2, 2, 1, 2, 1, 1, 63.601, 2, 2, 4, 1, 8, 1, 69.0127, 
32, 32768, 1, 1, 512, 0.32145, 0.355519, N/A, 0.0218509, 0.0512224, 25.0448, 0.0849093, 2, 2, 1, 2, 1, 1, 65.88, 2, 2, 4, 1, 8, 1, 69.9132, 
32, 40960, 1, 1, 512, 0.359501, 0.384787, N/A, 0.0236004, 0.0604879, 31.14, 0.100628, 2, 2, 1, 2, 1, 1, 69.4653, 2, 2, 4, 1, 8, 1, 72.2324, 
32, 49152, 1, 1, 512, 0.399677, 0.414544, N/A, 0.0253507, 0.0697542, 37.2349, 0.116347, 2, 2, 1, 2, 1, 1, 72.0805, 2, 2, 4, 1, 8, 1, 73.866, 
32, 57344, 1, 1, 512, 0.441976, 0.444763, N/A, 0.0271021, 0.0790215, 43.3295, 0.132043, 2, 2, 1, 2, 1, 1, 74.0724, 2, 2, 4, 1, 8, 1, 75.1461, 
32, 65536, 1, 1, 512, 0.494487, 0.476958, N/A, 0.0287746, 0.0882098, 49.426, 0.147302, 2, 2, 1, 2, 1, 1, 75.5805, 2, 2, 4, 1, 8, 1, 75.3201, 
32, 81920, 1, 1, 512, 0.454924, 0.737156, N/A, 0.0454543, 0.0734013, 56.7179, 0.193242, 2, 2, 2, 4, 1, 1, 71.9877, 2, 2, 8, 1, 16, 1, 73.7192, 
32, 98304, 1, 1, 512, 0.495151, 0.766963, N/A, 0.0489162, 0.0826636, 67.86, 0.22346, 2, 2, 2, 4, 1, 1, 74.6997, 2, 2, 8, 1, 16, 1, 75.453, 
32, 114688, 1, 1, 512, 0.537499, 0.797231, N/A, 0.0523792, 0.091927, 79.0019, 0.253654, 2, 2, 2, 4, 1, 1, 76.7654, 2, 2, 8, 1, 16, 1, 76.7782, 
32, 131072, 1, 1, 512, 0.590073, 0.829489, N/A, 0.0557026, 0.10109, 90.0299, 0.282372, 2, 2, 2, 4, 1, 1, 78.3506, 2, 2, 8, 1, 16, 1, 77.0522, 
32, 163840, 1, 1, 512, 0.638093, 0.737156, N/A, 0.0700419, 0.0977404, 113.013, 0.498859, 2, 4, 2, 4, 1, 1, 52.3754, 2, 2, 8, 1, 16, 1, 78.5857, 
32, 196608, 1, 1, 512, 0.693189, 0.766963, N/A, 0.0771465, 0.110591, 135.236, 0.57669, 2, 4, 2, 4, 1, 1, 54.3601, 2, 2, 8, 1, 16, 1, 79.6423, 
32, 229376, 1, 1, 512, 0.750406, 0.797231, N/A, 0.0842512, 0.123442, 157.458, 0.654524, 2, 4, 2, 4, 1, 1, 55.8724, 2, 2, 8, 1, 16, 1, 80.4146, 
32, 262144, 1, 1, 512, 0.817897, 0.829489, N/A, 0.091388, 0.13637, 179.516, 0.730155, 2, 4, 2, 4, 1, 1, 57.0182, 2, 2, 8, 1, 16, 1, 80.5281, 
32, 327680, 1, 1, 512, 0.944188, 0.892189, N/A, 0.106677, 0.161296, 223.08, 1.00925, 2, 4, 2, 4, 1, 1, 58.7772, 2, 2, 16, 1, 32, 1, 80.4277, 
32, 393216, 1, 1, 512, 0.996851, 2.04745, N/A, 0.125237, 0.136432, 256.598, 0.997888, 2, 4, 4, 8, 1, 1, 63.7776, 2, 2, 16, 1, 32, 1, 81.6298, 
32, 458752, 1, 1, 512, 1.05473, 2.07839, N/A, 0.133651, 0.149095, 299.023, 1.1389, 2, 4, 4, 8, 1, 1, 65.5626, 2, 4, 16, 1, 8, 4, 74.9279, 
32, 524288, 1, 1, 512, 1.12226, 2.11068, N/A, 0.143862, 0.161832, 340.87, 1.26794, 2, 4, 4, 8, 1, 1, 66.928, 2, 4, 16, 1, 16, 2, 75.3328, 
32, 655360, 1, 1, 512, 1.2178, 2.015, N/A, 0.160847, 0.170569, 427.866, 1.84268, 2, 8, 4, 8, 1, 1, 56.8331, 2, 4, 16, 1, 16, 2, 77.1327, 
32, 786432, 1, 1, 512, 1.30529, 2.04745, N/A, 0.178526, 0.190502, 512.177, 2.13015, 2, 8, 4, 8, 1, 1, 59.0004, 2, 4, 16, 1, 8, 4, 78.614, 
32, 917504, 1, 1, 512, 1.39291, 2.07839, N/A, 0.195094, 0.210382, 596.487, 2.41691, 2, 8, 4, 8, 1, 1, 60.6525, 2, 4, 16, 32, 1, 1, 79.4667, 
32, 1048576, 1, 1, 512, 1.49027, 2.11068, N/A, 0.215889, 0.230195, 676.342, 3.06026, 2, 8, 4, 8, 1, 1, 61.9097, 2, 4, 32, 1, 32, 2, 78.3295, 
32, 1310720, 1, 1, 512, 1.67608, 2.17342, N/A, 0.251091, 0.269615, 843.968, 3.70968, 2, 8, 4, 8, 1, 1, 63.8316, 2, 4, 32, 1, 64, 1, 79.6406, 
32, 1572864, 1, 1, 512, 1.83381, 2.04745, N/A, 0.285694, 0.296511, 1017.24, 4.96669, 2, 16, 4, 8, 1, 1, 56.8323, 2, 8, 32, 1, 32, 2, 74.4572, 
32, 1835008, 1, 1, 512, 1.97415, 2.07839, N/A, 0.313806, 0.329382, 1191, 4.82589, 4, 8, 8, 8, 1, 1, 61.0465, 4, 4, 32, 1, 16, 2, 79.4476, 
32, 2097152, 1, 1, 512, 2.07161, 2.11068, N/A, 0.33175, 0.349655, 1357.51, 5.33346, 4, 8, 8, 8, 1, 1, 62.777, 4, 4, 32, 1, 16, 2, 79.9268, 
32, 2621440, 1, 1, 512, 2.25739, 2.17342, N/A, 0.367021, 0.389491, 1693.85, 6.39552, 4, 8, 8, 8, 1, 1, 65.4332, 4, 4, 32, 1, 32, 1, 81.1985, 
32, 3145728, 1, 1, 512, 2.45164, 2.23785, N/A, 0.402346, 0.429374, 2029.98, 7.45771, 4, 8, 8, 8, 1, 1, 67.3324, 4, 4, 32, 1, 32, 1, 81.964, 
32, 3670016, 1, 1, 512, 2.65435, 2.30396, N/A, 0.433397, 0.468763, 2367.43, 8.54425, 4, 8, 8, 8, 1, 1, 68.7579, 4, 8, 32, 1, 32, 1, 78.4181, 
32, 4194304, 1, 1, 512, 2.81664, 2.11068, N/A, 0.471425, 0.490875, 2709.47, 10.6638, 4, 16, 8, 8, 1, 1, 62.2602, 4, 8, 32, 1, 16, 2, 78.4277, 
32, 5242880, 1, 1, 512, 3.09046, 2.17342, N/A, 0.531988, 0.558889, 3363.84, 14.5719, 4, 16, 8, 8, 1, 1, 64.5499, 4, 16, 64, 32, 2, 1, 73.3448, 
32, 6291456, 1, 1, 512, 3.37782, 2.23785, N/A, 0.598249, 0.627311, 4051.16, 17.2135, 4, 16, 8, 8, 1, 1, 66.1723, 8, 4, 64, 1, 4, 8, 80.7069, 
32, 7340032, 1, 1, 512, 3.59088, 2.30396, N/A, 0.635853, 0.673133, 4725.16, 16.4418, 8, 8, 16, 8, 1, 1, 71.8677, 8, 8, 64, 1, 32, 1, 78.5888, 
32, 8388608, 1, 1, 512, 3.80623, 2.37174, N/A, 0.671499, 0.713558, 5385.51, 18.3113, 8, 8, 16, 8, 1, 1, 73.3054, 8, 8, 64, 1, 16, 2, 78.9268, 
32, 10485760, 1, 1, 512, 4.25396, 2.51229, N/A, 0.740934, 0.793149, 6725.35, 22.2318, 8, 8, 16, 8, 1, 1, 75.4638, 8, 8, 64, 1, 32, 1, 80.1995, 
32, 12582912, 1, 1, 512, 4.65767, 2.23785, N/A, 0.807992, 0.841923, 8090.17, 28.5861, 8, 16, 16, 8, 1, 1, 70.0662, 8, 16, 64, 1, 16, 2, 77.0995, 
32, 14680064, 1, 1, 512, 4.94195, 2.30396, N/A, 0.870879, 0.910176, 9430.82, 32.6553, 8, 16, 16, 8, 1, 1, 71.551, 8, 16, 64, 1, 32, 1, 78.2158, 
32, 16777216, 1, 1, 512, 5.25329, 2.37174, N/A, 0.935808, 0.980826, 10748.4, 41.8643, 8, 16, 16, 8, 1, 1, 72.6782, 16, 8, 128, 1, 8, 4, 78.0975, 
32, 20971520, 1, 1, 512, 5.79851, 2.51229, N/A, 1.05881, 1.11648, 13433.1, 51.1788, 8, 16, 16, 8, 1, 1, 74.3628, 16, 16, 128, 1, 32, 1, 75.8881, 
32, 25165824, 1, 1, 512, 6.40052, 2.65954, N/A, 1.18387, 1.25216, 16105.6, 60.4556, 8, 16, 16, 8, 1, 1, 75.5299, 16, 16, 128, 1, 32, 1, 77.2441, 
32, 29360128, 1, 1, 512, 6.85097, 7.14636, N/A, 1.28608, 1.23943, 18394.3, 61.0357, 8, 16, 32, 16, 1, 1, 76.9211, 16, 32, 128, 1, 32, 1, 73.4533, 
32, 33554432, 1, 1, 512, 7.19931, 7.22795, N/A, 1.36375, 1.30924, 20965.4, 68.2821, 8, 16, 32, 16, 1, 1, 78.1502, 16, 32, 128, 1, 32, 1, 73.9151, 
32, 41943040, 1, 1, 512, 7.92824, 2.51229, N/A, 1.44948, 1.50982, 26810.3, 85.2586, 16, 16, 32, 8, 1, 1, 78.1054, 16, 32, 128, 1, 32, 1, 75.7006, 
32, 50331648, 1, 1, 512, 8.57421, 2.65954, N/A, 1.57432, 1.64772, 32165.8, 100.558, 16, 16, 32, 8, 1, 1, 79.5091, 16, 64, 128, 1, 16, 2, 71.4224, 
32, 58720256, 1, 1, 512, 9.16609, 2.81354, N/A, 1.69849, 1.78407, 37596, 116.457, 16, 16, 32, 8, 1, 1, 80.5429, 32, 32, 128, 1, 16, 1, 75.067, 
32, 67108864, 1, 1, 512, 9.73714, 2.97703, N/A, 1.82838, 1.92557, 42802.6, 148.923, 16, 16, 32, 8, 1, 1, 81.3093, 32, 64, 256, 1, 4, 8, 67.532, 
32, 83886080, 1, 1, 512, 10.8661, 7.38495, N/A, 2.13387, 2.07068, 52301.8, 188.418, 8, 32, 32, 16, 1, 1, 80.214, 32, 64, 256, 1, 32, 1, 70.351, 
32, 100663296, 1, 1, 512, 11.8854, 7.53662, N/A, 2.3979, 2.32019, 62701.5, 223.062, 8, 32, 32, 16, 1, 1, 81.3015, 32, 64, 256, 1, 32, 1, 72.3802, 
32, 117440512, 1, 1, 512, 12.6328, 7.69064, N/A, 2.57409, 2.48304, 73277.3, 223.146, 16, 16, 64, 16, 1, 1, 84.0834, 64, 32, 256, 1, 16, 1, 74.7404, 
32, 134217728, 1, 1, 512, 13.4682, 7.85415, N/A, 2.72992, 2.62434, 83356, 249.062, 16, 16, 64, 16, 1, 1, 84.8979, 32, 128, 256, 16, 2, 1, 68.8494, 
32, 167772160, 1, 1, 512, 14.8759, 3.31893, N/A, 2.86595, 2.99028, 106949, 321.336, 32, 16, 64, 8, 1, 1, 82.7883, 64, 64, 256, 1, 16, 1, 72.1913, 
32, 201326592, 1, 1, 512, 16.073, 7.53662, N/A, 3.16855, 3.09729, 125389, 381.953, 16, 32, 64, 16, 1, 1, 83.5508, 64, 64, 256, 1, 16, 1, 73.3541, 
32, 234881024, 1, 1, 512, 17.3686, 7.69064, N/A, 3.43424, 3.35074, 146361, 441.068, 16, 32, 64, 16, 1, 1, 84.4395, 64, 128, 256, 1, 16, 1, 70.5325, 
32, 268435456, 1, 1, 512, 18.4965, 7.85415, N/A, 3.70609, 3.60759, 166904, 497.896, 16, 32, 64, 16, 1, 1, 85.1003, 64, 128, 256, 1, 16, 1, 70.3138, 
32, 335544320, 1, 1, 512, 20.9411, 8.19608, N/A, 4.23905, 4.11528, 208709, 615.313, 16, 32, 64, 16, 1, 1, 86.0716, 64, 256, 256, 1, 16, 1, 67.2258, 
32, 402653184, 1, 1, 512, 23.6941, 3.68815, N/A, 4.53124, 4.69102, 256309, 741.589, 32, 32, 64, 8, 1, 1, 85.5596, 64, 256, 256, 1, 16, 1, 68.8255, 
32, 469762048, 1, 1, 512, 25.7296, 25.3625, N/A, 4.97625, 4.77858, 287469, 832.327, 16, 64, 128, 32, 1, 1, 82.4814, 128, 256, 256, 1, 8, 1, 72.3487, 
32, 4096, 1, 2, 512, 0.312414, 0.595129, N/A, 0.0289367, 0.0298303, 3.6722, 0.0408258, 2, 2, 1, 2, 2, 1, 14.0481, 2, 2, 0.5, 1, 1, 1, 63.0868, 
32, 5120, 1, 2, 512, 0.312414, 0.598629, N/A, 0.0291579, 0.0305687, 4.37703, 0.0423731, 2, 2, 1, 2, 2, 1, 16.9147, 2, 2, 0.5, 1, 1, 1, 66.6409, 
32, 6144, 1, 2, 512, 0.312414, 0.595555, N/A, 0.0293878, 0.0313158, 5.09472, 0.0439361, 2, 2, 1, 2, 2, 1, 19.5743, 2, 2, 0.5, 1, 1, 1, 69.0147, 
32, 7168, 1, 2, 512, 0.312414, 0.598301, N/A, 0.0296091, 0.0320542, 5.80029, 0.0454919, 2, 2, 1, 2, 2, 1, 22.0534, 2, 2, 0.5, 1, 1, 1, 70.9191, 
32, 8192, 1, 2, 512, 0.313598, 0.601048, N/A, 0.0298659, 0.0321653, 6.53077, 0.0471761, 2, 2, 1, 2, 2, 1, 24.3366, 2, 2, 0.5, 1, 2, 1, 69.1137, 
32, 10240, 1, 2, 512, 0.312414, 0.60625, N/A, 0.0304537, 0.0335047, 7.87988, 0.0518076, 2, 2, 1, 2, 2, 1, 28.5344, 2, 2, 1, 1, 2, 1, 69.2152, 
32, 12288, 1, 2, 512, 0.312414, 0.610933, N/A, 0.0312803, 0.0345425, 9.38927, 0.0592299, 2, 2, 1, 2, 2, 1, 32.2402, 2, 2, 2, 1, 4, 1, 56.0153, 
32, 14336, 1, 2, 512, 0.312414, 0.615488, N/A, 0.0317165, 0.0357613, 10.8027, 0.0626891, 2, 2, 1, 2, 2, 1, 35.5378, 2, 2, 2, 1, 4, 1, 58.6319, 
32, 16384, 1, 2, 512, 0.312997, 0.620071, N/A, 0.0321472, 0.0369733, 12.2199, 0.0658039, 2, 2, 1, 2, 2, 1, 38.4471, 2, 2, 2, 1, 4, 1, 61.9408, 
32, 20480, 1, 2, 512, 0.317294, 0.628111, N/A, 0.0330197, 0.0394084, 15.0433, 0.0726584, 2, 2, 1, 2, 2, 1, 43.5105, 2, 2, 2, 1, 4, 1, 65.4548, 
32, 24576, 1, 2, 512, 0.321022, 0.635727, N/A, 0.0338923, 0.0418436, 17.8663, 0.0795246, 2, 2, 1, 2, 2, 1, 47.6983, 2, 2, 2, 1, 4, 1, 67.9678, 
32, 28672, 1, 2, 512, 0.326916, 0.643077, N/A, 0.0347664, 0.0442803, 20.6889, 0.0863815, 2, 2, 1, 2, 2, 1, 51.2235, 2, 2, 2, 1, 4, 1, 69.9116, 
32, 32768, 1, 2, 512, 0.345346, 0.649986, N/A, 0.0355976, 0.0466626, 23.5059, 0.0931174, 2, 2, 1, 2, 2, 1, 54.1649, 2, 2, 2, 1, 4, 1, 70.9414, 
32, 40960, 1, 2, 512, 0.36191, 0.664029, N/A, 0.0373329, 0.051518, 29.1296, 0.106802, 2, 2, 1, 2, 2, 1, 59.0222, 2, 2, 2, 1, 4, 1, 73.1865, 
32, 49152, 1, 2, 512, 0.378978, 0.678219, N/A, 0.039069, 0.0563741, 34.753, 0.120487, 2, 2, 1, 2, 2, 1, 62.7752, 2, 2, 2, 1, 4, 1, 74.7639, 
32, 57344, 1, 2, 512, 0.396564, 0.692551, N/A, 0.0408061, 0.0612314, 40.3761, 0.134159, 2, 2, 1, 2, 2, 1, 65.762, 2, 2, 2, 1, 4, 1, 75.999, 
32, 65536, 1, 2, 512, 0.417514, 0.707835, N/A, 0.0425137, 0.0660113, 45.9224, 0.147408, 2, 2, 1, 2, 2, 1, 68.1505, 2, 2, 2, 1, 4, 1, 75.9968, 
32, 81920, 1, 2, 512, 0.455617, 0.737156, N/A, 0.0459788, 0.0757014, 57.1259, 0.174636, 2, 2, 1, 2, 2, 1, 71.8815, 2, 2, 2, 1, 4, 1, 77.4516, 
32, 98304, 1, 2, 512, 0.495844, 0.766963, N/A, 0.0501423, 0.0840647, 68.0576, 0.225216, 2, 2, 1, 2, 2, 1, 74.6044, 2, 2, 4, 1, 8, 1, 75.9252, 
32, 114688, 1, 2, 512, 0.538192, 0.797231, N/A, 0.0536109, 0.0934741, 79.2191, 0.25559, 2, 2, 1, 2, 2, 1, 76.6791, 2, 2, 4, 1, 8, 1, 77.1913, 
32, 131072, 1, 2, 512, 0.590766, 0.829489, N/A, 0.0569571, 0.102761, 90.3061, 0.28458, 2, 2, 1, 2, 2, 1, 78.272, 2, 2, 4, 1, 8, 1, 77.8701, 
32, 163840, 1, 2, 512, 0.638913, 0.737156, N/A, 0.0712985, 0.0996855, 113.379, 0.502106, 2, 4, 1, 2, 2, 1, 52.3066, 2, 2, 4, 1, 8, 1, 79.3411, 
32, 196608, 1, 2, 512, 0.694009, 0.766963, N/A, 0.0784113, 0.112817, 135.651, 0.580317, 2, 4, 1, 2, 2, 1, 54.2983, 2, 2, 4, 1, 8, 1, 80.3531, 
32, 229376, 1, 2, 512, 0.751227, 0.797231, N/A, 0.0855242, 0.125948, 157.922, 0.658532, 2, 4, 1, 2, 2, 1, 55.8165, 2, 2, 4, 1, 8, 1, 81.0919, 
32, 262144, 1, 2, 512, 0.818718, 0.829489, N/A, 0.0926356, 0.139054, 179.95, 0.733822, 2, 4, 1, 2, 2, 1, 56.9672, 2, 2, 4, 1, 8, 1, 81.1137, 
32, 327680, 1, 2, 512, 0.945008, 0.892189, N/A, 0.108001, 0.163181, 223.531, 1.01784, 2, 4, 1, 2, 2, 1, 58.7339, 2, 2, 8, 1, 16, 1, 81.7434, 
32, 393216, 1, 2, 512, 0.997617, 2.04745, N/A, 0.12667, 0.138675, 257.11, 1.00354, 2, 4, 2, 4, 2, 1, 63.7429, 2, 2, 8, 1, 16, 1, 82.8072, 
32, 458752, 1, 2, 512, 1.0555, 2.07839, N/A, 0.134944, 0.150571, 299.735, 1.14501, 2, 4, 2, 4, 2, 1, 65.5311, 2, 4, 8, 1, 16, 1, 76.4951, 
32, 524288, 1, 2, 512, 1.12302, 2.11068, N/A, 0.145172, 0.163411, 341.636, 1.2756, 2, 4, 2, 4, 2, 1, 66.8993, 2, 4, 8, 1, 16, 1, 76.9239, 
32, 655360, 1, 2, 512, 1.2187, 2.015, N/A, 0.16215, 0.172382, 428.847, 1.85347, 2, 8, 2, 4, 2, 1, 56.8008, 2, 4, 8, 1, 16, 1, 78.4906, 
32, 786432, 1, 2, 512, 1.30618, 2.04745, N/A, 0.179828, 0.192558, 513.329, 2.14211, 2, 8, 2, 4, 2, 1, 58.9719, 2, 4, 8, 1, 16, 1, 79.5708, 
32, 917504, 1, 2, 512, 1.3938, 2.07839, N/A, 0.197506, 0.212733, 597.811, 2.43076, 2, 8, 2, 4, 2, 1, 60.6271, 2, 4, 8, 1, 16, 1, 80.3608, 
32, 1048576, 1, 2, 512, 1.49116, 2.11068, N/A, 0.217286, 0.231686, 677.792, 3.08868, 2, 8, 2, 4, 2, 1, 61.8869, 2, 4, 16, 1, 32, 1, 79.9485, 
32, 1310720, 1, 2, 512, 1.67697, 2.17342, N/A, 0.25258, 0.2714, 845.488, 3.74396, 2, 8, 2, 4, 2, 1, 63.813, 2, 4, 16, 1, 32, 1, 81.7834, 
32, 1572864, 1, 2, 512, 1.87125, 2.23785, N/A, 0.283892, 0.310343, 1014.09, 4.41198, 2, 8, 2, 4, 2, 1, 65.165, 2, 8, 16, 1, 32, 1, 76.424, 
32, 1835008, 1, 2, 512, 2.06223, 2.30396, N/A, 0.321326, 0.353669, 1188.17, 4.17553, 4, 4, 4, 4, 2, 1, 71.9455, 4, 4, 16, 1, 32, 1, 79.9209, 
32, 2097152, 1, 2, 512, 2.13201, 2.11068, N/A, 0.340935, 0.357281, 1360.54, 5.36608, 4, 8, 4, 4, 2, 1, 62.7486, 4, 4, 16, 1, 32, 1, 80.2391, 
32, 2621440, 1, 2, 512, 2.28089, 2.17342, N/A, 0.377664, 0.398618, 1697.29, 6.43427, 4, 8, 4, 4, 2, 1, 65.4084, 4, 4, 16, 1, 32, 1, 81.3655, 
32, 3145728, 1, 2, 512, 2.45255, 2.23785, N/A, 0.399859, 0.430836, 2035.11, 7.52524, 4, 8, 4, 4, 2, 1, 67.3106, 4, 8, 16, 1, 4, 4, 77.9246, 
32, 3670016, 1, 2, 512, 2.65526, 2.30396, N/A, 0.441735, 0.475516, 2372.2, 8.59558, 4, 8, 4, 4, 2, 1, 68.7383, 4, 8, 16, 1, 32, 1, 78.6149, 
32, 4194304, 1, 2, 512, 2.87048, 2.37174, N/A, 0.477392, 0.516312, 2704.72, 9.61743, 4, 8, 4, 4, 2, 1, 69.8229, 4, 8, 16, 1, 32, 1, 78.9701, 
32, 5242880, 1, 2, 512, 3.37413, 1.23086, N/A, 0.523682, 0.637576, 3535.76, 12.2498, 8, 8, 4, 2, 2, 1, 68.3369, 4, 8, 16, 1, 16, 2, 79.8953, 
32, 6291456, 1, 2, 512, 3.59762, 2.23785, N/A, 0.602003, 0.632695, 4062.66, 17.4, 4, 16, 4, 4, 2, 1, 66.1525, 8, 8, 32, 1, 16, 2, 77.754, 
32, 7340032, 1, 2, 512, 3.76418, 2.30396, N/A, 0.643619, 0.679407, 4735.75, 16.5383, 8, 8, 8, 4, 2, 1, 71.8509, 8, 8, 32, 1, 32, 1, 78.971, 
32, 8388608, 1, 2, 512, 3.8919, 2.37174, N/A, 0.679667, 0.720472, 5398.35, 18.4281, 8, 8, 8, 4, 2, 1, 73.2903, 8, 8, 32, 1, 32, 1, 79.2157, 
32, 10485760, 1, 2, 512, 4.25481, 2.51229, N/A, 0.750423, 0.801442, 6740.13, 22.3732, 8, 8, 8, 4, 2, 1, 75.4515, 8, 8, 32, 1, 32, 1, 80.3538, 
32, 12582912, 1, 2, 512, 4.73649, 2.65954, N/A, 0.813859, 0.878075, 8087.47, 26.3623, 8, 8, 8, 4, 2, 1, 76.9645, 8, 16, 32, 1, 32, 1, 77.4276, 
32, 14680064, 1, 2, 512, 5.15233, 2.30396, N/A, 0.878067, 0.91618, 9452.1, 32.8603, 8, 16, 8, 4, 2, 1, 71.5333, 8, 16, 32, 1, 32, 1, 78.3626, 
32, 16777216, 1, 2, 512, 5.47167, 2.37174, N/A, 0.936313, 0.982424, 10773, 42.2973, 8, 16, 8, 4, 2, 1, 72.6625, 16, 8, 64, 1, 4, 4, 78.4979, 
32, 20971520, 1, 2, 512, 6.02041, 2.51229, N/A, 1.06432, 1.12064, 13463.4, 51.7138, 8, 16, 8, 4, 2, 1, 74.3501, 16, 16, 64, 1, 32, 1, 76.1702, 
32, 25165824, 1, 2, 512, 6.5744, 2.65954, N/A, 1.1826, 1.25266, 16157, 61.1656, 8, 16, 8, 4, 2, 1, 75.5194, 16, 32, 64, 1, 16, 1, 73.5692, 
32, 29360128, 1, 2, 512, 7.01081, 2.81354, N/A, 1.27771, 1.35719, 18839.4, 61.5863, 16, 8, 16, 4, 2, 1, 76.8699, 16, 32, 64, 1, 32, 1, 73.7328, 
32, 33554432, 1, 2, 512, 7.43202, 7.22795, N/A, 1.36809, 1.31223, 21013.8, 68.6663, 8, 16, 16, 8, 2, 1, 78.1665, 16, 32, 64, 1, 32, 1, 74.3901, 
32, 41943040, 1, 2, 512, 8.15043, 2.51229, N/A, 1.45406, 1.51305, 26871.1, 85.7622, 16, 16, 16, 4, 2, 1, 78.0974, 16, 32, 64, 1, 32, 1, 76.1956, 
32, 50331648, 1, 2, 512, 8.80046, 2.65954, N/A, 1.57746, 1.64947, 32253.9, 101.144, 16, 16, 16, 4, 2, 1, 79.503, 16, 64, 64, 1, 32, 1, 72.2011, 
32, 58720256, 1, 2, 512, 9.38727, 2.81354, N/A, 1.70088, 1.78779, 37693.7, 117.197, 16, 16, 16, 4, 2, 1, 80.5384, 32, 32, 64, 1, 16, 1, 75.8081, 
32, 67108864, 1, 2, 512, 9.92504, 2.97703, N/A, 1.82962, 1.9274, 42966.9, 131.871, 16, 16, 16, 4, 2, 1, 81.306, 32, 32, 64, 1, 16, 1, 75.5215, 
32, 83886080, 1, 2, 512, 11.3961, 3.31893, N/A, 2.0807, 2.19861, 53610.7, 185.976, 16, 16, 16, 4, 2, 1, 82.4475, 32, 64, 128, 1, 32, 1, 69.8264, 
32, 100663296, 1, 2, 512, 12.7131, 2.65954, N/A, 2.31565, 2.39559, 64510, 233.441, 16, 32, 16, 4, 2, 1, 79.1947, 64, 32, 128, 1, 16, 1, 74.0233, 
32, 117440512, 1, 2, 512, 13.1659, 7.69064, N/A, 2.57541, 2.48578, 73435.2, 224.482, 16, 16, 32, 8, 2, 1, 84.0976, 64, 32, 128, 1, 16, 1, 74.9545, 
32, 134217728, 1, 2, 512, 14.0331, 2.97703, N/A, 2.61449, 2.71646, 85881, 264.195, 32, 16, 32, 4, 2, 1, 81.1045, 64, 64, 128, 1, 16, 1, 71.3565, 
32, 167772160, 1, 2, 512, 15.1218, 3.31893, N/A, 2.86585, 2.99096, 107235, 323.424, 32, 16, 32, 4, 2, 1, 82.789, 64, 64, 128, 1, 16, 1, 73.052, 
32, 201326592, 1, 2, 512, 16.591, 3.68815, N/A, 3.11724, 3.26548, 128588, 382.653, 32, 16, 32, 4, 2, 1, 83.9513, 64, 64, 128, 1, 16, 1, 74.2272, 
32, 234881024, 1, 2, 512, 18.1031, 2.81354, N/A, 3.32256, 3.42067, 150318, 450.19, 32, 32, 32, 4, 2, 1, 83.1312, 64, 128, 128, 1, 16, 1, 71.3399, 
32, 268435456, 1, 2, 512, 19.2887, 2.97703, N/A, 3.56968, 3.67965, 171346, 582.858, 32, 32, 32, 4, 2, 1, 83.8238, 128, 64, 256, 1, 16, 1, 70.3225, 
32, 335544320, 1, 2, 512, 21.3236, 3.31893, N/A, 4.04681, 4.1798, 213951, 719.301, 32, 32, 32, 4, 2, 1, 84.8585, 128, 64, 256, 1, 16, 1, 72.0674, 
32, 402653184, 1, 2, 512, 23.4806, 3.68815, N/A, 4.52378, 4.68025, 256910, 856.067, 32, 32, 32, 4, 2, 1, 85.5626, 128, 128, 256, 1, 16, 1, 68.621, 
32, 469762048, 1, 2, 512, 25.1953, 4.0848, N/A, 4.92521, 5.10464, 299541, 894.705, 64, 16, 64, 4, 2, 1, 83.4222, 128, 128, 256, 1, 16, 1, 70.0378, 
32, 8192, 1, 4, 512, 0.517013, 1.79548, N/A, 0.0590104, 0.0555363, 7.20245, 0.0818199, 2, 2, 1, 1, 4, 2, 13.9832, 2, 2, 0.5, 1, 1, 1, 66.6191, 
32, 10240, 1, 4, 512, 0.521409, 1.80177, N/A, 0.0594477, 0.0564325, 8.53955, 0.0848603, 2, 2, 1, 1, 4, 2, 16.8507, 2, 2, 0.5, 1, 1, 1, 70.2502, 
32, 12288, 1, 4, 512, 0.510434, 1.80129, N/A, 0.0603459, 0.0566312, 10.0081, 0.0915767, 2, 2, 1, 1, 4, 2, 19.5172, 2, 2, 1, 1, 2, 1, 55.8616, 
32, 14336, 1, 4, 512, 0.512332, 1.80644, N/A, 0.0607825, 0.0573634, 11.3616, 0.0947586, 2, 2, 1, 1, 4, 2, 22.0058, 2, 2, 1, 1, 2, 1, 58.4677, 
32, 16384, 1, 4, 512, 0.522947, 1.81144, N/A, 0.0611594, 0.0580187, 12.7125, 0.0978721, 2, 2, 1, 1, 4, 2, 24.3037, 2, 2, 1, 1, 2, 1, 60.6264, 
32, 20480, 1, 4, 512, 0.527245, 1.8208, N/A, 0.0620282, 0.0594722, 15.4157, 0.104199, 2, 2, 1, 1, 4, 2, 28.5305, 2, 2, 1, 1, 2, 1, 64.0192, 
32, 24576, 1, 4, 512, 0.531165, 1.82929, N/A, 0.0628957, 0.0609243, 18.1186, 0.110539, 2, 2, 1, 1, 4, 2, 32.2714, 2, 2, 1, 1, 2, 1, 66.4444, 
32, 28672, 1, 4, 512, 0.539976, 1.83736, N/A, 0.0637641, 0.0623772, 20.8214, 0.116875, 2, 2, 1, 1, 4, 2, 35.6066, 2, 2, 1, 1, 2, 1, 68.3177, 
32, 32768, 1, 4, 512, 0.549452, 1.84523, N/A, 0.0646673, 0.063822, 23.512, 0.12291, 2, 2, 1, 1, 4, 2, 38.56, 2, 2, 1, 1, 2, 1, 71.2607, 
32, 40960, 1, 4, 512, 0.564655, 1.85931, N/A, 0.0664069, 0.0667178, 28.9092, 0.135545, 2, 2, 1, 1, 4, 2, 43.7037, 2, 2, 1, 1, 2, 1, 73.5074, 
32, 49152, 1, 4, 512, 0.579023, 1.87243, N/A, 0.0681482, 0.0696153, 34.3057, 0.148181, 2, 2, 1, 1, 4, 2, 47.9696, 2, 2, 1, 1, 2, 1, 75.0858, 
32, 57344, 1, 4, 512, 0.593388, 1.88485, N/A, 0.0698916, 0.0725149, 39.7017, 0.160803, 2, 2, 1, 1, 4, 2, 51.5668, 2, 2, 1, 1, 2, 1, 76.3201, 
32, 65536, 1, 4, 512, 0.616555, 1.89649, N/A, 0.0715022, 0.0751868, 45.0584, 0.173384, 2, 2, 1, 1, 4, 2, 54.5904, 2, 2, 1, 1, 2, 1, 76.5128, 
32, 81920, 1, 4, 512, 0.641217, 1.91863, N/A, 0.0749573, 0.0809284, 55.8056, 0.198589, 2, 2, 1, 1, 4, 2, 59.5664, 2, 2, 1, 1, 2, 1, 77.9645, 
32, 98304, 1, 4, 512, 0.664661, 1.9392, N/A, 0.0791266, 0.0834883, 66.2459, 0.238084, 2, 2, 1, 1, 4, 2, 63.4202, 2, 2, 2, 1, 4, 1, 76.579, 
32, 114688, 1, 4, 512, 0.687293, 1.95858, N/A, 0.0825838, 0.0886375, 76.9451, 0.264902, 2, 2, 1, 1, 4, 2, 66.4931, 2, 2, 2, 1, 4, 1, 77.8177, 
32, 131072, 1, 4, 512, 0.712219, 1.97784, N/A, 0.0859703, 0.0936366, 87.4914, 0.290943, 2, 2, 1, 1, 4, 2, 68.9642, 2, 2, 2, 1, 4, 1, 78.1418, 
32, 163840, 1, 4, 512, 0.755755, 2.01259, N/A, 0.0928699, 0.103895, 108.829, 0.344388, 2, 2, 1, 1, 4, 2, 72.814, 2, 2, 2, 1, 4, 1, 79.5582, 
32, 196608, 1, 4, 512, 0.782732, 0.764866, N/A, 0.100102, 0.136443, 136.217, 0.538548, 4, 2, 1, 1, 4, 1, 55.7335, 2, 2, 2, 1, 4, 1, 80.5314, 
32, 229376, 1, 4, 512, 0.82502, 0.795092, N/A, 0.103764, 0.146697, 158.527, 0.592918, 4, 2, 1, 1, 4, 1, 59.055, 2, 2, 2, 1, 4, 1, 81.2412, 
32, 262144, 1, 4, 512, 0.877626, 0.827308, N/A, 0.107484, 0.156863, 180.673, 0.645717, 4, 2, 1, 1, 4, 1, 61.7678, 2, 2, 2, 1, 4, 1, 81.6732, 
32, 327680, 1, 4, 512, 0.939624, 2.01259, N/A, 0.119894, 0.128246, 215.859, 0.877529, 2, 4, 1, 1, 4, 2, 61.0948, 2, 2, 4, 1, 8, 1, 82.1587, 
32, 393216, 1, 4, 512, 0.998969, 2.04745, N/A, 0.128795, 0.142719, 257.894, 1.00944, 2, 4, 1, 2, 4, 1, 63.7262, 2, 2, 4, 1, 8, 1, 83.1791, 
32, 458752, 1, 4, 512, 1.05685, 2.07839, N/A, 0.137013, 0.153186, 300.767, 1.15205, 2, 4, 1, 2, 4, 1, 65.5149, 2, 4, 4, 1, 8, 1, 77.0113, 
32, 524288, 1, 4, 512, 1.12438, 2.11068, N/A, 0.147246, 0.166232, 342.735, 1.2829, 2, 4, 1, 2, 4, 1, 66.8836, 2, 4, 4, 1, 8, 1, 77.6733, 
32, 655360, 1, 4, 512, 1.24269, 2.01259, N/A, 0.16624, 0.175113, 430.968, 1.87214, 2, 8, 1, 1, 4, 2, 56.5215, 2, 4, 4, 1, 8, 1, 79.1662, 
32, 786432, 1, 4, 512, 1.30757, 2.04745, N/A, 0.181887, 0.196407, 514.891, 2.15355, 2, 8, 1, 2, 4, 1, 58.957, 2, 4, 4, 1, 8, 1, 80.1936, 
32, 917504, 1, 4, 512, 1.39519, 2.07839, N/A, 0.199576, 0.217115, 599.52, 2.44366, 2, 8, 1, 2, 4, 1, 60.6127, 2, 4, 4, 1, 8, 1, 80.944, 
32, 1048576, 1, 4, 512, 1.49254, 2.11068, N/A, 0.217301, 0.23779, 683.261, 2.72288, 2, 8, 1, 2, 4, 1, 61.873, 2, 4, 4, 1, 8, 1, 80.9962, 
32, 1310720, 1, 4, 512, 1.67836, 2.17342, N/A, 0.254781, 0.274613, 847.624, 3.77809, 2, 8, 1, 2, 4, 1, 63.7997, 2, 4, 8, 1, 16, 1, 82.8286, 
32, 1572864, 1, 4, 512, 1.87263, 2.23785, N/A, 0.288166, 0.320711, 1021.17, 3.87802, 2, 8, 1, 2, 4, 1, 65.1522, 2, 4, 4, 1, 4, 2, 81.9665, 
32, 1835008, 1, 4, 512, 2.05544, 2.07839, N/A, 0.324754, 0.34441, 1196.56, 4.88254, 4, 8, 2, 2, 4, 1, 60.994, 4, 4, 8, 1, 16, 1, 80.7023, 
32, 2097152, 1, 4, 512, 2.12811, 2.11068, N/A, 0.343252, 0.36602, 1363.75, 5.39602, 4, 8, 2, 2, 4, 1, 62.7276, 4, 4, 8, 1, 16, 1, 81.1762, 
32, 2621440, 1, 4, 512, 2.27674, 2.17342, N/A, 0.380054, 0.409382, 1701.09, 6.46997, 4, 8, 2, 2, 4, 1, 65.3887, 4, 4, 8, 1, 16, 1, 82.2011, 
32, 3145728, 1, 4, 512, 2.45404, 2.23785, N/A, 0.408669, 0.441785, 2039.92, 7.5679, 4, 8, 2, 2, 4, 1, 67.2918, 4, 8, 8, 1, 8, 2, 78.12, 
32, 3670016, 1, 4, 512, 2.65675, 2.30396, N/A, 0.443932, 0.4831, 2377.36, 8.64375, 4, 8, 2, 2, 4, 1, 68.7204, 4, 8, 8, 1, 16, 1, 79.635, 
32, 4194304, 1, 4, 512, 2.87197, 2.37174, N/A, 0.468668, 0.513635, 2714.28, 11.2273, 4, 8, 2, 2, 4, 1, 69.8056, 8, 8, 16, 8, 1, 1, 76.1664, 
32, 5242880, 1, 4, 512, 3.37259, 1.22817, N/A, 0.543946, 0.669233, 3543.64, 14.2303, 8, 8, 2, 1, 4, 1, 68.3478, 8, 4, 16, 1, 16, 2, 80.0766, 
32, 6291456, 1, 4, 512, 3.61624, 2.23785, N/A, 0.617158, 0.653228, 4072.96, 17.5696, 4, 16, 2, 2, 4, 1, 66.1354, 8, 8, 16, 1, 32, 1, 78.078, 
32, 7340032, 1, 4, 512, 3.77543, 2.30396, N/A, 0.660249, 0.702908, 4746.45, 16.6424, 8, 8, 4, 2, 4, 1, 71.8374, 8, 8, 16, 1, 32, 1, 79.1111, 
32, 8388608, 1, 4, 512, 3.90238, 2.37174, N/A, 0.697282, 0.746068, 5411.48, 18.5359, 8, 8, 4, 2, 4, 1, 73.2777, 8, 8, 16, 1, 32, 1, 79.5608, 
32, 10485760, 1, 4, 512, 4.2563, 2.51229, N/A, 0.74038, 0.796629, 6765.14, 22.5466, 8, 8, 4, 2, 4, 1, 75.4404, 8, 16, 16, 1, 8, 1, 77.8131, 
32, 12582912, 1, 4, 512, 4.73799, 2.65954, N/A, 0.828485, 0.897738, 8106.86, 26.5169, 8, 8, 4, 2, 4, 1, 76.9544, 8, 16, 16, 1, 32, 1, 77.7643, 
32, 14680064, 1, 4, 512, 5.10634, 7.14636, N/A, 0.89678, 0.847659, 9261.44, 31.6529, 4, 16, 4, 4, 4, 1, 75.1209, 8, 32, 16, 1, 16, 1, 75.0547, 
32, 16777216, 1, 4, 512, 5.49456, 2.37174, N/A, 0.939802, 0.9871, 10812.9, 37.0308, 8, 16, 4, 2, 4, 1, 72.6493, 8, 32, 16, 1, 16, 1, 75.3741, 
32, 20971520, 1, 4, 512, 6.04465, 2.51229, N/A, 1.07694, 1.13703, 13496.9, 52.255, 8, 16, 4, 2, 4, 1, 74.3381, 16, 16, 32, 1, 32, 1, 76.2821, 
32, 25165824, 1, 4, 512, 6.60798, 2.65954, N/A, 1.19686, 1.26652, 16196.1, 61.8154, 8, 16, 4, 2, 4, 1, 75.5083, 16, 32, 32, 1, 16, 2, 71.9192, 
32, 29360128, 1, 4, 512, 7.0122, 2.81354, N/A, 1.28815, 1.36934, 18887, 61.99, 16, 8, 8, 2, 4, 1, 76.8621, 16, 32, 32, 1, 32, 1, 73.823, 
32, 33554432, 1, 4, 512, 7.45487, 7.22795, N/A, 1.3787, 1.32463, 21066.5, 69.0958, 8, 16, 8, 4, 4, 1, 78.1735, 16, 32, 32, 1, 32, 1, 74.6359, 
32, 41943040, 1, 4, 512, 8.25304, 2.51229, N/A, 1.44876, 1.50995, 27001.4, 86.3797, 16, 16, 8, 2, 4, 1, 78.0929, 16, 64, 32, 1, 8, 1, 72.692, 
32, 50331648, 1, 4, 512, 8.84157, 2.65954, N/A, 1.57281, 1.64857, 32442.8, 102.308, 16, 16, 8, 2, 4, 1, 79.4994, 32, 32, 32, 1, 4, 1, 75.9638, 
32, 58720256, 1, 4, 512, 9.40619, 2.81354, N/A, 1.70827, 1.80619, 37782.1, 117.793, 16, 16, 8, 2, 4, 1, 80.5354, 32, 32, 32, 1, 16, 1, 76.3699, 
32, 67108864, 1, 4, 512, 10.0022, 2.97703, N/A, 1.82654, 1.92305, 43069.3, 132.007, 16, 16, 8, 2, 4, 1, 81.3035, 16, 128, 32, 8, 1, 1, 70.3913, 
32, 83886080, 1, 4, 512, 11.3976, 3.31893, N/A, 2.07941, 2.20267, 53895.8, 163.789, 16, 16, 8, 2, 4, 1, 82.4457, 32, 64, 32, 1, 4, 2, 73.4856, 
32, 100663296, 1, 4, 512, 12.7627, 2.65954, N/A, 2.32168, 2.41032, 64697.6, 235.94, 16, 32, 8, 2, 4, 1, 79.1894, 64, 32, 64, 1, 16, 1, 74.7038, 
32, 117440512, 1, 4, 512, 13.2695, 7.69064, N/A, 2.57871, 2.49295, 73764.8, 226, 16, 16, 16, 4, 4, 1, 84.1056, 64, 64, 64, 1, 16, 1, 71.599, 
32, 134217728, 1, 4, 512, 14.0762, 2.97703, N/A, 2.61858, 2.725, 86103.5, 265.828, 32, 16, 16, 2, 4, 1, 81.1035, 64, 64, 64, 1, 16, 1, 71.5891, 
32, 167772160, 1, 4, 512, 15.1673, 3.31893, N/A, 2.87029, 3.00155, 107498, 325.417, 32, 16, 16, 2, 4, 1, 82.7895, 64, 64, 64, 1, 16, 1, 73.2791, 
32, 201326592, 1, 4, 512, 16.5921, 3.68815, N/A, 3.11568, 3.26446, 129198, 385.388, 32, 16, 16, 2, 4, 1, 83.9529, 64, 128, 64, 1, 8, 1, 70.6839, 
32, 234881024, 1, 4, 512, 18.1473, 2.81354, N/A, 3.32553, 3.42687, 150722, 452.932, 32, 32, 16, 2, 4, 1, 83.134, 64, 128, 64, 1, 16, 1, 71.5476, 
32, 268435456, 1, 4, 512, 19.2674, 2.97703, N/A, 3.57138, 3.6842, 171872, 510.571, 32, 32, 16, 2, 4, 1, 83.8269, 64, 128, 64, 1, 16, 1, 71.9153, 
32, 335544320, 1, 4, 512, 21.5286, 3.31893, N/A, 4.04506, 4.17833, 215156, 728.034, 32, 32, 16, 2, 4, 1, 84.8621, 128, 128, 128, 1, 8, 1, 68.2071, 
32, 402653184, 1, 4, 512, 23.5769, 3.68815, N/A, 4.52547, 4.68411, 257738, 865.597, 32, 32, 16, 2, 4, 1, 85.5666, 128, 128, 128, 1, 16, 1, 69.4303, 
32, 469762048, 1, 4, 512, 25.2905, 4.0848, N/A, 4.92654, 5.10891, 300470, 900.59, 64, 16, 32, 2, 4, 1, 83.4234, 128, 128, 128, 1, 16, 1, 70.8637, 
32, 16384, 1, 8, 512, 0.977001, 1.79548, N/A, 0.151533, 0.149032, 14.8727, 0.405861, 4, 2, 1, 1, 8, 1, 5.65167, 2, 2, 0.5, 1, 1, 1, 60.7049, 
32, 20480, 1, 8, 512, 0.984773, 1.80177, N/A, 0.151999, 0.150243, 17.5784, 0.411955, 4, 2, 1, 1, 8, 1, 6.95965, 2, 2, 0.5, 1, 1, 1, 64.0528, 
32, 24576, 1, 8, 512, 0.986876, 1.80129, N/A, 0.152481, 0.151472, 20.3098, 0.418106, 4, 2, 1, 1, 8, 1, 8.22858, 2, 2, 0.5, 1, 1, 1, 66.4432, 
32, 28672, 1, 8, 512, 0.992384, 1.80644, N/A, 0.152949, 0.152687, 23.0172, 0.424226, 4, 2, 1, 1, 8, 1, 9.46126, 2, 2, 0.5, 1, 1, 1, 68.2877, 
32, 32768, 1, 8, 512, 1.00688, 1.81144, N/A, 0.153569, 0.153948, 25.7153, 0.430416, 4, 2, 1, 1, 8, 1, 10.6467, 2, 2, 0.5, 1, 1, 1, 69.7867, 
32, 40960, 1, 8, 512, 1.01722, 1.8208, N/A, 0.154497, 0.156339, 31.1222, 0.442626, 4, 2, 1, 1, 8, 1, 12.941, 2, 2, 0.5, 1, 1, 1, 71.925, 
32, 49152, 1, 8, 512, 1.02629, 1.82929, N/A, 0.155427, 0.158734, 36.5285, 0.454851, 4, 2, 1, 1, 8, 1, 15.1115, 2, 2, 0.5, 1, 1, 1, 73.4249, 
32, 57344, 1, 8, 512, 1.0351, 1.83736, N/A, 0.156358, 0.161129, 41.9342, 0.467058, 4, 2, 1, 1, 8, 1, 17.1685, 2, 2, 0.5, 1, 1, 1, 74.5955, 
32, 65536, 1, 8, 512, 1.04466, 1.84523, N/A, 0.157418, 0.163433, 47.3079, 0.478974, 4, 2, 1, 1, 8, 1, 19.1001, 2, 2, 0.5, 1, 1, 1, 76.9459, 
32, 81920, 1, 8, 512, 1.05987, 1.85931, N/A, 0.159265, 0.16815, 58.0888, 0.503352, 4, 2, 1, 1, 8, 1, 22.7167, 2, 2, 0.5, 1, 1, 1, 78.3774, 
32, 98304, 1, 8, 512, 1.07424, 1.87243, N/A, 0.161945, 0.166033, 68.5777, 0.545551, 4, 2, 1, 1, 8, 1, 25.9987, 2, 2, 1, 1, 2, 1, 76.6432, 
32, 114688, 1, 8, 512, 1.07503, 1.88485, N/A, 0.163486, 0.169223, 79.3088, 0.570747, 4, 2, 1, 1, 8, 1, 28.9915, 2, 2, 1, 1, 2, 1, 77.9104, 
32, 131072, 1, 8, 512, 1.09833, 1.89649, N/A, 0.16535, 0.172546, 89.9431, 0.595799, 4, 2, 1, 1, 8, 1, 31.6964, 2, 2, 1, 1, 2, 1, 78.3641, 
32, 163840, 1, 8, 512, 1.12296, 1.91863, N/A, 0.169005, 0.179448, 111.329, 0.646114, 4, 2, 1, 1, 8, 1, 36.5319, 2, 2, 1, 1, 2, 1, 79.8127, 
32, 196608, 1, 8, 512, 1.14638, 1.9392, N/A, 0.172661, 0.186351, 132.715, 0.696445, 4, 2, 1, 1, 8, 1, 40.6677, 2, 2, 1, 1, 2, 1, 80.8085, 
32, 229376, 1, 8, 512, 1.16899, 1.95858, N/A, 0.176319, 0.193256, 154.101, 0.746786, 4, 2, 1, 1, 8, 1, 44.2454, 2, 2, 1, 1, 2, 1, 81.5352, 
32, 262144, 1, 8, 512, 1.19398, 1.97784, N/A, 0.180152, 0.199839, 175.164, 0.796272, 4, 2, 1, 1, 8, 1, 47.3351, 2, 2, 1, 1, 2, 1, 81.5941, 
32, 327680, 1, 8, 512, 1.23748, 2.01259, N/A, 0.188748, 0.202794, 216.874, 0.950298, 4, 2, 1, 1, 8, 1, 52.534, 2, 2, 2, 1, 4, 1, 82.3265, 
32, 393216, 1, 8, 512, 1.28049, 2.04521, N/A, 0.196046, 0.214183, 259.336, 1.0568, 4, 2, 1, 1, 8, 1, 56.6842, 2, 2, 2, 1, 4, 1, 83.3384, 
32, 458752, 1, 8, 512, 1.32359, 2.07625, N/A, 0.200779, 0.218261, 302.922, 1.16789, 4, 2, 1, 1, 8, 1, 60.0739, 2, 4, 2, 1, 4, 1, 77.1163, 
32, 524288, 1, 8, 512, 1.37623, 2.1085, N/A, 0.207659, 0.22838, 344.949, 1.27134, 4, 2, 1, 1, 8, 1, 62.8576, 2, 4, 2, 1, 4, 1, 77.712, 
32, 655360, 1, 8, 512, 1.47272, 2.17116, N/A, 0.221475, 0.248945, 429.725, 1.48448, 4, 2, 1, 1, 8, 1, 67.2852, 2, 4, 2, 1, 4, 1, 79.1958, 
32, 786432, 1, 8, 512, 1.53429, 2.04521, N/A, 0.236461, 0.25492, 517.761, 2.00159, 4, 4, 1, 1, 8, 1, 59.2739, 2, 4, 2, 1, 4, 1, 80.2168, 
32, 917504, 1, 8, 512, 1.59226, 2.07625, N/A, 0.247247, 0.269829, 602.537, 2.23252, 4, 4, 1, 1, 8, 1, 61.9974, 2, 4, 2, 1, 4, 1, 80.9623, 
32, 1048576, 1, 8, 512, 1.65982, 2.1085, N/A, 0.258132, 0.284482, 686.416, 2.45687, 4, 4, 1, 1, 8, 1, 64.1774, 2, 4, 2, 1, 4, 1, 81.2628, 
32, 1310720, 1, 8, 512, 1.78604, 2.17116, N/A, 0.279687, 0.314183, 855.674, 2.91727, 4, 4, 1, 1, 8, 1, 67.5574, 2, 4, 2, 1, 4, 1, 82.0838, 
32, 1572864, 1, 8, 512, 1.92073, 2.23551, N/A, 0.304583, 0.346739, 1025.57, 3.72166, 4, 4, 1, 1, 8, 1, 70.0157, 4, 4, 4, 1, 8, 1, 80.2235, 
32, 1835008, 1, 8, 512, 2.05748, 2.07625, N/A, 0.32712, 0.358964, 1201.35, 4.91302, 4, 8, 1, 1, 8, 1, 60.9411, 4, 4, 4, 1, 8, 1, 81.1304, 
32, 2097152, 1, 8, 512, 2.13007, 2.1085, N/A, 0.345657, 0.382193, 1368.83, 5.43185, 4, 8, 1, 1, 8, 1, 62.676, 4, 4, 4, 1, 8, 1, 81.3579, 
32, 2621440, 1, 8, 512, 2.27843, 2.17116, N/A, 0.382542, 0.429781, 1706.76, 6.51236, 4, 8, 1, 1, 8, 1, 65.3394, 4, 4, 4, 1, 8, 1, 82.363, 
32, 3145728, 1, 8, 512, 2.45536, 2.23551, N/A, 0.410858, 0.453461, 2047.56, 7.61786, 4, 8, 1, 1, 8, 1, 67.2444, 4, 8, 4, 1, 8, 1, 79.0079, 
32, 3670016, 1, 8, 512, 2.65718, 2.30152, N/A, 0.446307, 0.497029, 2385.49, 8.70173, 4, 8, 1, 1, 8, 1, 68.6745, 4, 8, 4, 1, 8, 1, 79.8266, 
32, 4194304, 1, 8, 512, 2.87231, 2.36922, N/A, 0.482022, 0.540057, 2719.36, 9.7363, 4, 8, 1, 1, 8, 1, 69.761, 4, 8, 4, 1, 8, 1, 80.1568, 
32, 5242880, 1, 8, 512, 3.31993, 2.5096, N/A, 0.546359, 0.608404, 3399.73, 13.8446, 4, 8, 1, 1, 8, 1, 71.384, 8, 8, 8, 1, 8, 1, 78.1395, 
32, 6291456, 1, 8, 512, 3.61932, 2.23551, N/A, 0.62024, 0.67718, 4085.01, 17.7369, 4, 16, 1, 1, 8, 1, 66.0889, 8, 8, 8, 1, 16, 1, 79.0924, 
32, 7340032, 1, 8, 512, 3.82619, 2.30152, N/A, 0.638168, 0.678122, 4786.19, 16.7759, 8, 8, 2, 1, 8, 1, 71.7994, 8, 16, 8, 1, 4, 1, 75.8672, 
32, 8388608, 1, 8, 512, 3.90552, 2.36922, N/A, 0.70045, 0.776973, 5426.29, 18.6599, 8, 8, 2, 1, 8, 1, 73.2417, 8, 8, 8, 1, 16, 1, 80.2318, 
32, 10485760, 1, 8, 512, 4.25659, 2.5096, N/A, 0.760538, 0.833667, 6781.68, 22.6951, 8, 8, 2, 1, 8, 1, 75.4073, 8, 16, 8, 1, 16, 1, 77.4493, 
32, 12582912, 1, 8, 512, 4.73811, 2.65669, N/A, 0.831475, 0.920505, 8128.68, 26.6948, 8, 8, 2, 1, 8, 1, 76.9236, 8, 16, 8, 1, 16, 1, 78.6133, 
32, 14680064, 1, 8, 512, 5.15423, 7.14314, N/A, 0.91549, 0.871265, 9295.87, 31.9424, 4, 16, 2, 1, 8, 2, 74.9071, 8, 32, 8, 1, 16, 1, 75.0242, 
32, 16777216, 1, 8, 512, 5.50754, 2.36922, N/A, 0.952375, 1.01102, 10849.3, 37.2611, 8, 16, 2, 1, 8, 1, 72.612, 8, 32, 8, 1, 16, 1, 75.6613, 
32, 20971520, 1, 8, 512, 6.0694, 2.5096, N/A, 1.10341, 1.19812, 13536, 52.773, 8, 16, 2, 1, 8, 1, 74.303, 16, 16, 16, 1, 32, 1, 76.549, 
32, 25165824, 1, 8, 512, 6.63763, 2.65669, N/A, 1.21771, 1.30485, 16253, 62.4268, 8, 16, 2, 1, 8, 1, 75.4748, 16, 32, 16, 1, 32, 1, 72.47, 
32, 29360128, 1, 8, 512, 7.01223, 2.81052, N/A, 1.31053, 1.41339, 18942.9, 62.3843, 16, 8, 4, 1, 8, 1, 76.8332, 16, 32, 16, 1, 32, 1, 74.0645, 
32, 33554432, 1, 8, 512, 7.48083, 7.22795, N/A, 1.40395, 1.37511, 21128.3, 69.5989, 8, 16, 4, 2, 8, 1, 78.111, 16, 32, 16, 1, 32, 1, 74.6634, 
32, 41943040, 1, 8, 512, 8.29053, 2.5096, N/A, 1.46281, 1.52838, 27080, 86.935, 16, 16, 4, 1, 8, 1, 78.0702, 16, 64, 16, 1, 16, 1, 72.083, 
32, 50331648, 1, 8, 512, 8.88328, 2.65669, N/A, 1.59813, 1.73398, 32521.5, 103.08, 16, 16, 4, 1, 8, 1, 79.4786, 32, 32, 16, 1, 16, 1, 75.5517, 
32, 58720256, 1, 8, 512, 9.43571, 2.81052, N/A, 1.72553, 1.8845, 37905.7, 118.693, 16, 16, 4, 1, 8, 1, 80.5161, 32, 32, 16, 1, 16, 1, 76.4391, 
32, 67108864, 1, 8, 512, 10.0338, 2.97384, N/A, 1.83266, 1.92679, 43313, 132.885, 16, 16, 4, 1, 8, 1, 81.2854, 16, 128, 16, 1, 8, 1, 70.4295, 
32, 83886080, 1, 8, 512, 11.3973, 3.3154, N/A, 2.09889, 2.26537, 54037.1, 191.746, 16, 16, 4, 1, 8, 1, 82.4294, 64, 32, 32, 1, 16, 1, 73.8602, 
32, 100663296, 1, 8, 512, 12.848, 2.65669, N/A, 2.31635, 2.39736, 65312.7, 238.245, 16, 32, 4, 1, 8, 1, 79.1667, 64, 64, 32, 1, 4, 1, 71.5009, 
32, 117440512, 1, 8, 512, 13.3101, 7.69064, N/A, 2.59319, 2.53231, 74010.2, 227.281, 16, 16, 8, 2, 8, 1, 84.0684, 64, 64, 32, 1, 16, 1, 72.1317, 
32, 134217728, 1, 8, 512, 14.1258, 2.97384, N/A, 2.63065, 2.76524, 86422.6, 267.621, 32, 16, 8, 1, 8, 1, 81.0867, 64, 64, 32, 1, 16, 1, 72.2393, 
32, 167772160, 1, 8, 512, 15.2193, 3.3154, N/A, 2.88355, 3.05148, 107868, 327.599, 32, 16, 8, 1, 8, 1, 82.776, 64, 64, 32, 1, 16, 1, 73.9499, 
32, 201326592, 1, 8, 512, 16.5915, 3.68429, N/A, 3.13088, 3.30059, 129635, 387.789, 32, 16, 8, 1, 8, 1, 83.9417, 64, 128, 32, 1, 16, 1, 70.8185, 
32, 234881024, 1, 8, 512, 18.1993, 2.81052, N/A, 3.33691, 3.46106, 151310, 455.932, 32, 32, 8, 1, 8, 1, 83.1244, 64, 128, 32, 1, 16, 1, 72.1656, 
32, 268435456, 1, 8, 512, 19.3144, 2.97384, N/A, 3.58259, 3.72069, 172431, 513.792, 32, 32, 8, 1, 8, 1, 83.8183, 64, 128, 32, 1, 16, 1, 72.0804, 
32, 335544320, 1, 8, 512, 21.6368, 3.3154, N/A, 4.05879, 4.20614, 215829, 735.154, 32, 32, 8, 1, 8, 1, 84.8549, 128, 128, 64, 1, 16, 1, 67.8041, 
32, 402653184, 1, 8, 512, 23.6698, 3.68429, N/A, 4.53562, 4.71059, 258645, 874.794, 32, 32, 8, 1, 8, 1, 85.5603, 128, 128, 64, 1, 16, 1, 69.6557, 
32, 469762048, 1, 8, 512, 25.5505, 4.0806, N/A, 4.92891, 5.13737, 300207, 904.424, 64, 16, 16, 1, 8, 1, 83.4109, 256, 128, 64, 1, 8, 1, 73.1475, 
32, 32768, 1, 16, 512, 1.92057, 1.79548, N/A, 0.348117, 0.343113, 29.0383, 0.945253, 8, 2, 1, 1, 16, 1, 4.84498, 2, 2, 0.5, 1, 1, 1, 61.5215, 
32, 40960, 1, 16, 512, 1.92833, 1.80177, N/A, 0.349042, 0.345532, 34.4206, 0.957439, 8, 2, 1, 1, 16, 1, 5.97897, 2, 2, 0.5, 1, 1, 1, 65.1778, 
32, 49152, 1, 16, 512, 1.93057, 1.80129, N/A, 0.350024, 0.348007, 39.8549, 0.96978, 8, 2, 1, 1, 16, 1, 7.08339, 2, 2, 0.5, 1, 1, 1, 67.8384, 
32, 57344, 1, 16, 512, 1.93611, 1.80644, N/A, 0.350961, 0.350437, 45.2409, 0.982022, 8, 2, 1, 1, 16, 1, 8.16082, 2, 2, 0.5, 1, 1, 1, 69.8888, 
32, 65536, 1, 16, 512, 1.95088, 1.81144, N/A, 0.352368, 0.353124, 50.5921, 0.994881, 8, 2, 1, 1, 16, 1, 9.19788, 2, 2, 0.5, 1, 1, 1, 71.3321, 
32, 81920, 1, 16, 512, 1.96117, 1.8208, N/A, 0.354206, 0.357891, 61.3484, 1.01926, 8, 2, 1, 1, 16, 1, 11.2223, 2, 2, 0.5, 1, 1, 1, 73.742, 
32, 98304, 1, 16, 512, 1.97024, 1.82929, N/A, 0.356057, 0.362671, 72.1038, 1.04368, 8, 2, 1, 1, 16, 1, 13.1515, 2, 2, 0.5, 1, 1, 1, 75.4412, 
32, 114688, 1, 16, 512, 1.89739, 1.83736, N/A, 0.357053, 0.366596, 82.8585, 1.06807, 8, 2, 1, 1, 16, 1, 14.9927, 2, 2, 0.5, 1, 1, 1, 76.7357, 
32, 131072, 1, 16, 512, 1.90718, 1.84523, N/A, 0.359363, 0.371281, 93.4872, 1.09246, 8, 2, 1, 1, 16, 1, 16.7277, 2, 2, 0.5, 1, 1, 1, 78.3746, 
32, 163840, 1, 16, 512, 1.92236, 1.85931, N/A, 0.363043, 0.380674, 114.939, 1.1412, 8, 2, 1, 1, 16, 1, 20.0158, 2, 2, 0.5, 1, 1, 1, 79.8743, 
32, 196608, 1, 16, 512, 1.93672, 1.87243, N/A, 0.366724, 0.39007, 136.39, 1.18995, 8, 2, 1, 1, 16, 1, 23.0341, 2, 2, 0.5, 1, 1, 1, 80.9064, 
32, 229376, 1, 16, 512, 1.95102, 1.88485, N/A, 0.370396, 0.399455, 157.84, 1.23865, 8, 2, 1, 1, 16, 1, 25.816, 2, 2, 0.5, 1, 1, 1, 81.6601, 
32, 262144, 1, 16, 512, 1.97467, 1.89649, N/A, 0.374528, 0.408398, 179.078, 1.28824, 8, 2, 1, 1, 16, 1, 28.3463, 2, 2, 0.5, 1, 1, 1, 81.8042, 
32, 327680, 1, 16, 512, 1.99919, 1.91863, N/A, 0.383368, 0.404195, 220.842, 1.42931, 8, 2, 1, 1, 16, 1, 32.9425, 2, 2, 1, 1, 2, 1, 82.0756, 
32, 393216, 1, 16, 512, 2.02253, 1.9392, N/A, 0.388491, 0.404503, 267.008, 1.5335, 8, 2, 1, 1, 16, 1, 36.9346, 2, 4, 1, 1, 2, 1, 74.9775, 
32, 458752, 1, 16, 512, 2.04508, 1.95858, N/A, 0.395414, 0.416009, 309.556, 1.63421, 8, 2, 1, 1, 16, 1, 40.4341, 2, 4, 1, 1, 2, 1, 76.3536, 
32, 524288, 1, 16, 512, 2.07026, 1.97784, N/A, 0.40282, 0.427538, 351.617, 1.73382, 8, 2, 1, 1, 16, 1, 43.4827, 2, 4, 1, 1, 2, 1, 76.98, 
32, 655360, 1, 16, 512, 2.11366, 2.01259, N/A, 0.416663, 0.450425, 436.54, 1.93493, 8, 2, 1, 1, 16, 1, 48.7021, 2, 4, 1, 1, 2, 1, 78.5413, 
32, 786432, 1, 16, 512, 2.15661, 2.04521, N/A, 0.430514, 0.473319, 521.463, 2.13608, 8, 2, 1, 1, 16, 1, 52.9378, 2, 4, 1, 1, 2, 1, 79.6178, 
32, 917504, 1, 16, 512, 2.19966, 2.07625, N/A, 0.444371, 0.49622, 606.386, 2.33724, 8, 2, 1, 1, 16, 1, 56.4438, 2, 4, 1, 1, 2, 1, 80.405, 
32, 1048576, 1, 16, 512, 2.2525, 2.1085, N/A, 0.458574, 0.518538, 690.389, 2.53578, 8, 2, 1, 1, 16, 1, 59.3471, 2, 4, 1, 1, 2, 1, 80.7501, 
32, 1310720, 1, 16, 512, 2.34891, 2.17116, N/A, 0.486262, 0.564073, 859.941, 2.93744, 8, 2, 1, 1, 16, 1, 64.0383, 2, 4, 1, 1, 2, 1, 81.6156, 
32, 1572864, 1, 16, 512, 2.45381, 2.23551, N/A, 0.51788, 0.612826, 1029.92, 3.54004, 8, 2, 1, 1, 16, 1, 67.6003, 4, 4, 2, 1, 4, 1, 79.9204, 
32, 1835008, 1, 16, 512, 2.56596, 2.07625, N/A, 0.509271, 0.585246, 1203.78, 5.14705, 8, 4, 1, 1, 16, 1, 53.9559, 4, 4, 2, 1, 4, 1, 80.8542, 
32, 2097152, 1, 16, 512, 2.60794, 2.1085, N/A, 0.527651, 0.614286, 1371.54, 5.5755, 8, 4, 1, 1, 16, 1, 56.7347, 4, 4, 2, 1, 4, 1, 81.3559, 
32, 2621440, 1, 16, 512, 2.70998, 2.17116, N/A, 0.563757, 0.675009, 1710.06, 6.45986, 8, 4, 1, 1, 16, 1, 61.2063, 4, 4, 2, 1, 4, 1, 82.3859, 
32, 3145728, 1, 16, 512, 2.84461, 2.23551, N/A, 0.591183, 0.68541, 2056.21, 7.36114, 8, 4, 1, 1, 16, 1, 64.6003, 4, 8, 2, 1, 4, 1, 78.9145, 
32, 3670016, 1, 16, 512, 2.98773, 2.30152, N/A, 0.625836, 0.737718, 2394.73, 8.24753, 8, 4, 1, 1, 16, 1, 67.2643, 4, 8, 2, 1, 4, 1, 79.7372, 
32, 4194304, 1, 16, 512, 3.4119, 6.65523, N/A, 0.535591, 0.563797, 2707.59, 10.7346, 4, 16, 1, 1, 16, 1, 58.5283, 4, 8, 2, 1, 4, 1, 79.8486, 
32, 5242880, 1, 16, 512, 3.64292, 6.71541, N/A, 0.583418, 0.619841, 3371.11, 13.8339, 4, 16, 1, 1, 16, 1, 62.3473, 8, 8, 4, 1, 8, 1, 77.7867, 
32, 6291456, 1, 16, 512, 3.78902, 6.77125, N/A, 0.623863, 0.670129, 4031.39, 15.8767, 4, 16, 1, 1, 16, 1, 65.1828, 8, 8, 4, 1, 8, 1, 79.0759, 
32, 7340032, 1, 16, 512, 3.99121, 6.82382, N/A, 0.654713, 0.663734, 4709.61, 17.9562, 4, 16, 1, 1, 16, 1, 67.3713, 8, 16, 4, 1, 8, 1, 75.3839, 
32, 8388608, 1, 16, 512, 4.13428, 6.8754, N/A, 0.693826, 0.703947, 5362.16, 19.9023, 4, 16, 1, 1, 16, 1, 69.0786, 8, 16, 4, 1, 8, 1, 76.1181, 
32, 10485760, 1, 16, 512, 4.4367, 6.96974, N/A, 0.771859, 0.787673, 6680.36, 23.9725, 4, 16, 1, 1, 16, 1, 71.675, 8, 16, 4, 1, 8, 1, 77.7574, 
32, 12582912, 1, 16, 512, 4.77419, 7.05845, N/A, 0.849878, 0.871368, 7998.56, 28.0428, 4, 16, 1, 1, 16, 1, 73.5172, 8, 16, 4, 1, 8, 1, 78.8897, 
32, 14680064, 1, 16, 512, 5.11445, 7.14314, N/A, 0.918804, 0.900561, 9352.42, 32.1549, 4, 16, 1, 1, 16, 1, 74.892, 8, 32, 4, 1, 8, 1, 75.4595, 
32, 16777216, 1, 16, 512, 5.46275, 7.22485, N/A, 0.995873, 0.97472, 10654.2, 36.058, 4, 16, 1, 1, 16, 1, 75.9337, 8, 32, 4, 1, 8, 1, 75.7984, 
32, 20971520, 1, 16, 512, 5.99331, 2.5096, N/A, 1.23582, 1.45327, 13562.4, 51.9342, 8, 16, 1, 1, 16, 1, 76.2821, 16, 16, 8, 1, 16, 1, 77.3528, 
32, 25165824, 1, 16, 512, 6.55667, 2.65669, N/A, 1.37582, 1.56442, 16303.8, 61.7063, 8, 16, 1, 1, 16, 1, 77.1596, 16, 32, 8, 1, 16, 1, 73.7429, 
32, 29360128, 1, 16, 512, 7.22814, 7.14314, N/A, 1.33524, 1.35694, 18625.7, 62.7397, 8, 16, 2, 1, 16, 1, 76.7308, 16, 32, 8, 1, 16, 1, 75.2016, 
32, 33554432, 1, 16, 512, 7.58828, 7.22485, N/A, 1.37908, 1.32356, 21591.9, 70.1975, 8, 16, 2, 1, 16, 1, 77.973, 16, 64, 8, 1, 4, 1, 70.5828, 
32, 41943040, 1, 16, 512, 8.15246, 7.382, N/A, 1.55775, 1.5298, 26568.9, 85.7012, 8, 16, 2, 1, 16, 1, 79.8181, 16, 64, 8, 1, 16, 1, 72.2165, 
32, 50331648, 1, 16, 512, 8.7549, 7.53376, N/A, 1.7324, 1.95194, 31869, 102.095, 8, 16, 2, 1, 16, 1, 81.0975, 32, 32, 8, 1, 16, 1, 74.2713, 
32, 58720256, 1, 16, 512, 9.38975, 7.68761, N/A, 1.88863, 2.14718, 37138.8, 117.73, 8, 16, 2, 1, 16, 1, 82.0368, 32, 32, 8, 1, 16, 1, 75.1573, 
32, 67108864, 1, 16, 512, 9.98821, 2.97384, N/A, 2.06586, 2.27048, 43411.8, 131.497, 16, 16, 2, 1, 16, 1, 82.6685, 16, 128, 8, 1, 16, 1, 69.5296, 
32, 83886080, 1, 16, 512, 11.6405, 7.382, N/A, 2.19512, 2.36918, 53095.9, 199.794, 8, 32, 2, 1, 16, 1, 80.0589, 64, 32, 16, 1, 16, 1, 73.6495, 
32, 100663296, 1, 16, 512, 12.7154, 7.53376, N/A, 2.42763, 2.40921, 64040, 236.789, 8, 32, 2, 1, 16, 1, 81.1601, 64, 64, 16, 1, 8, 1, 71.0955, 
32, 117440512, 1, 16, 512, 13.3748, 7.68761, N/A, 2.6275, 2.69421, 74393.7, 229.27, 16, 16, 4, 1, 16, 1, 83.981, 64, 64, 16, 1, 16, 1, 72.0968, 
32, 134217728, 1, 16, 512, 13.8859, 7.85096, N/A, 2.78317, 2.85003, 84742.4, 257.727, 16, 16, 4, 1, 16, 1, 84.8045, 64, 64, 16, 1, 16, 1, 72.6449, 
32, 167772160, 1, 16, 512, 15.1657, 8.19256, N/A, 3.09078, 3.17744, 105730, 317.523, 16, 16, 4, 1, 16, 1, 86.0157, 64, 64, 16, 1, 16, 1, 74.3684, 
32, 201326592, 1, 16, 512, 16.9111, 7.53376, N/A, 3.21822, 3.26817, 127423, 392.178, 16, 32, 4, 1, 16, 1, 83.435, 64, 128, 16, 1, 16, 1, 71.2015, 
32, 234881024, 1, 16, 512, 18.1529, 7.68761, N/A, 3.44432, 3.36056, 153032, 450.528, 16, 32, 4, 1, 16, 1, 84.3346, 128, 128, 16, 1, 1, 1, 75.1061, 
32, 268435456, 1, 16, 512, 19.1782, 7.85096, N/A, 3.75719, 3.81924, 169154, 510.9, 16, 32, 4, 1, 16, 1, 85.0039, 64, 128, 16, 1, 16, 1, 72.5924, 
32, 335544320, 1, 16, 512, 21.5502, 8.19256, N/A, 4.28341, 4.24497, 212019, 735.716, 16, 32, 4, 1, 16, 1, 85.9875, 128, 128, 32, 1, 16, 1, 68.352, 
32, 402653184, 1, 16, 512, 23.7034, 8.56148, N/A, 4.78489, 4.67749, 254922, 870.399, 16, 32, 4, 1, 16, 1, 86.656, 256, 128, 32, 1, 4, 1, 72.5669, 
32, 469762048, 1, 16, 512, 25.8687, 7.68761, N/A, 4.96977, 5.03844, 295502, 884.367, 32, 32, 8, 1, 16, 1, 85.8112, 256, 128, 32, 1, 8, 1, 73.5651, 
32, 65536, 1, 32, 512, 3.76468, 1.79548, N/A, 0.739906, 0.729899, 62.5128, 2.06682, 16, 2, 1, 1, 32, 1, 4.42379, 2, 2, 0.5, 1, 1, 1, 60.6664, 
32, 81920, 1, 32, 512, 3.77238, 1.80177, N/A, 0.741744, 0.734723, 73.207, 2.09115, 16, 2, 1, 1, 32, 1, 5.46532, 2, 2, 0.5, 1, 1, 1, 64.8486, 
32, 98304, 1, 32, 512, 3.77493, 1.80129, N/A, 0.743734, 0.739699, 84.0051, 2.11587, 16, 2, 1, 1, 32, 1, 6.48169, 2, 2, 0.5, 1, 1, 1, 67.9583, 
32, 114688, 1, 32, 512, 3.51737, 1.80644, N/A, 0.743912, 0.742863, 94.707, 2.14033, 16, 2, 1, 1, 32, 1, 7.47551, 2, 2, 0.5, 1, 1, 1, 70.3752, 
32, 131072, 1, 32, 512, 3.53264, 1.81144, N/A, 0.746821, 0.748282, 105.311, 2.16672, 16, 2, 1, 1, 32, 1, 8.43143, 2, 2, 0.5, 1, 1, 1, 72.1391, 
32, 163840, 1, 32, 512, 3.54278, 1.8208, N/A, 0.750467, 0.75777, 126.684, 2.21535, 16, 2, 1, 1, 32, 1, 10.3079, 2, 2, 0.5, 1, 1, 1, 75.024, 
32, 196608, 1, 32, 512, 3.55181, 1.82929, N/A, 0.754148, 0.767294, 148.056, 2.2641, 16, 2, 1, 1, 32, 1, 12.1031, 2, 2, 0.5, 1, 1, 1, 77.0791, 
32, 229376, 1, 32, 512, 3.56053, 1.83736, N/A, 0.757821, 0.77681, 169.427, 2.31279, 16, 2, 1, 1, 32, 1, 13.8229, 2, 2, 0.5, 1, 1, 1, 78.6341, 
32, 262144, 1, 32, 512, 3.57081, 1.84523, N/A, 0.762683, 0.786519, 190.603, 2.3636, 16, 2, 1, 1, 32, 1, 15.4449, 2, 2, 0.5, 1, 1, 1, 79.519, 
32, 327680, 1, 32, 512, 3.58591, 1.85931, N/A, 0.770021, 0.805285, 233.266, 2.46099, 16, 2, 1, 1, 32, 1, 18.5418, 2, 2, 0.5, 1, 1, 1, 81.2815, 
32, 393216, 1, 32, 512, 3.632, 1.87243, N/A, 0.775336, 0.795689, 289.313, 2.56252, 16, 2, 1, 1, 32, 1, 21.4026, 2, 4, 0.5, 1, 1, 1, 73.173, 
32, 458752, 1, 32, 512, 3.64428, 1.88485, N/A, 0.782295, 0.809679, 331.983, 2.65998, 16, 2, 1, 1, 32, 1, 24.0547, 2, 4, 0.5, 1, 1, 1, 74.6701, 
32, 524288, 1, 32, 512, 3.66533, 1.89649, N/A, 0.790275, 0.823679, 374.196, 2.75969, 16, 2, 1, 1, 32, 1, 26.4733, 2, 4, 0.5, 1, 1, 1, 75.4763, 
32, 655360, 1, 32, 512, 3.68887, 1.91863, N/A, 0.804102, 0.851307, 459.267, 2.95442, 16, 2, 1, 1, 32, 1, 30.9099, 2, 4, 0.5, 1, 1, 1, 77.1933, 
32, 786432, 1, 32, 512, 3.71304, 1.9392, N/A, 0.817956, 0.878961, 544.337, 3.14924, 16, 2, 1, 1, 32, 1, 34.7969, 2, 4, 0.5, 1, 1, 1, 78.382, 
32, 917504, 1, 32, 512, 3.73779, 1.95858, N/A, 0.831827, 0.906633, 629.407, 3.34411, 16, 2, 1, 1, 32, 1, 38.2304, 2, 4, 0.5, 1, 1, 1, 79.2537, 
32, 1048576, 1, 32, 512, 3.76465, 1.97784, N/A, 0.847118, 0.933638, 713.468, 3.54027, 16, 2, 1, 1, 32, 1, 41.234, 2, 4, 0.5, 1, 1, 1, 79.5457, 
32, 1310720, 1, 32, 512, 3.83373, 2.01259, N/A, 0.887837, 1.08301, 870.175, 4.04962, 16, 2, 1, 1, 32, 1, 46.433, 4, 2, 1, 1, 1, 2, 81.6887, 
32, 1572864, 1, 32, 512, 3.87431, 2.04521, N/A, 0.908133, 1.04758, 1053.57, 4.45742, 16, 2, 1, 1, 32, 1, 50.6934, 4, 4, 1, 1, 2, 1, 78.8022, 
32, 1835008, 1, 32, 512, 3.90176, 2.07625, N/A, 0.93581, 1.10233, 1223.42, 4.85945, 16, 2, 1, 1, 32, 1, 54.2483, 4, 4, 1, 1, 2, 1, 79.8336, 
32, 2097152, 1, 32, 512, 3.9282, 2.1085, N/A, 0.96427, 1.15372, 1391.43, 5.25691, 16, 2, 1, 1, 32, 1, 57.2047, 4, 4, 1, 1, 2, 1, 80.4224, 
32, 2621440, 1, 32, 512, 4.01263, 2.17116, N/A, 1.01957, 1.26212, 1730.53, 6.05966, 16, 2, 1, 1, 32, 1, 62.0315, 4, 4, 1, 1, 2, 1, 81.5622, 
32, 3145728, 1, 32, 512, 4.11741, 2.23551, N/A, 1.06631, 1.26569, 2096.65, 6.87345, 16, 2, 1, 1, 32, 1, 65.7284, 4, 8, 1, 1, 2, 1, 77.6857, 
32, 3670016, 1, 32, 512, 4.60511, 6.62217, N/A, 0.882103, 0.944592, 2406.76, 9.44606, 8, 8, 1, 1, 32, 1, 55.6683, 4, 8, 1, 1, 2, 1, 78.572, 
32, 4194304, 1, 32, 512, 4.66656, 6.65523, N/A, 0.903198, 0.973698, 2733.8, 10.2684, 8, 8, 1, 1, 32, 1, 58.4219, 4, 8, 1, 1, 2, 1, 78.9279, 
32, 5242880, 1, 32, 512, 4.79083, 6.71541, N/A, 0.952417, 1.04381, 3396.93, 12.6066, 8, 8, 1, 1, 32, 1, 62.8477, 8, 8, 2, 1, 4, 1, 77.2643, 
32, 6291456, 1, 32, 512, 4.93765, 6.77125, N/A, 0.983977, 1.00557, 4113.24, 14.3841, 8, 8, 1, 1, 32, 1, 66.1904, 8, 16, 2, 1, 4, 1, 73.4172, 
32, 7340032, 1, 32, 512, 5.01971, 6.82382, N/A, 1.02229, 1.05172, 4774.89, 16.1432, 8, 8, 1, 1, 32, 1, 68.8043, 8, 16, 2, 1, 4, 1, 74.8785, 
32, 8388608, 1, 32, 512, 5.11692, 6.8754, N/A, 1.06105, 1.09411, 5428.49, 17.8586, 8, 8, 1, 1, 32, 1, 70.8687, 8, 16, 2, 1, 4, 1, 75.3921, 
32, 10485760, 1, 32, 512, 5.33421, 6.96974, N/A, 1.13756, 1.18522, 6749.04, 21.366, 8, 8, 1, 1, 32, 1, 74.0374, 8, 16, 2, 1, 4, 1, 77.0673, 
32, 12582912, 1, 32, 512, 5.80451, 6.77125, N/A, 1.10127, 1.11951, 8211.65, 27.007, 8, 16, 1, 1, 32, 1, 70.1686, 8, 32, 2, 1, 4, 1, 73.455, 
32, 14680064, 1, 32, 512, 5.97293, 6.82382, N/A, 1.15401, 1.17952, 9532.6, 30.5908, 8, 16, 1, 1, 32, 1, 72.2693, 8, 32, 2, 1, 4, 1, 74.7904, 
32, 16777216, 1, 32, 512, 6.14182, 6.8754, N/A, 1.20756, 1.23603, 10837.4, 34.0841, 8, 16, 1, 1, 32, 1, 73.8933, 8, 32, 2, 1, 4, 1, 75.415, 
32, 20971520, 1, 32, 512, 6.51283, 6.96974, N/A, 1.34257, 1.52486, 13381.9, 45.2856, 8, 16, 1, 1, 32, 1, 76.3539, 16, 16, 4, 1, 8, 1, 77.3889, 
32, 25165824, 1, 32, 512, 6.8664, 7.05845, N/A, 1.43397, 1.48483, 16144.3, 53.2066, 8, 16, 1, 1, 32, 1, 78.0874, 16, 32, 4, 1, 8, 1, 73.9506, 
32, 29360128, 1, 32, 512, 7.14179, 7.14314, N/A, 1.5384, 1.6028, 18781.5, 61.0611, 8, 16, 1, 1, 32, 1, 79.3745, 16, 32, 4, 1, 8, 1, 75.3821, 
32, 33554432, 1, 32, 512, 7.86104, 6.8754, N/A, 1.48779, 1.50683, 21700.3, 72.7904, 8, 32, 1, 1, 32, 1, 75.5953, 16, 64, 4, 1, 8, 1, 69.8171, 
32, 41943040, 1, 32, 512, 8.49258, 6.96974, N/A, 1.64002, 1.83028, 27050.7, 89.3284, 8, 32, 1, 1, 32, 1, 77.6414, 32, 32, 4, 1, 4, 1, 73.6018, 
32, 50331648, 1, 32, 512, 9.0776, 7.05845, N/A, 1.83635, 2.41885, 32155.2, 105.255, 8, 32, 1, 1, 32, 1, 79.068, 32, 32, 4, 1, 8, 1, 74.5515, 
32, 58720256, 1, 32, 512, 9.65888, 7.14314, N/A, 2.00034, 2.68502, 37437.6, 121.164, 8, 32, 1, 1, 32, 1, 80.1196, 32, 32, 4, 1, 8, 1, 75.4305, 
32, 67108864, 1, 32, 512, 10.3206, 7.22485, N/A, 2.11634, 2.19072, 43298.7, 136.557, 8, 32, 1, 1, 32, 1, 80.9028, 32, 64, 4, 1, 4, 1, 71.8195, 
32, 83886080, 1, 32, 512, 11.5319, 7.382, N/A, 2.43855, 2.53791, 53838.2, 197.844, 8, 32, 1, 1, 32, 1, 82.0634, 64, 32, 8, 1, 4, 1, 72.5112, 
32, 100663296, 1, 32, 512, 13.1188, 7.05845, N/A, 2.61496, 3.15807, 64413.7, 244.512, 8, 64, 1, 1, 32, 1, 79.5747, 64, 64, 8, 1, 16, 1, 69.2378, 
32, 117440512, 1, 32, 512, 13.8174, 7.14314, N/A, 2.80807, 3.44849, 74959.5, 236.367, 16, 32, 2, 1, 32, 1, 82.0339, 64, 64, 8, 1, 16, 1, 70.7145, 
32, 134217728, 1, 32, 512, 14.3489, 7.22485, N/A, 2.97218, 3.67874, 85371.2, 265.069, 16, 32, 2, 1, 32, 1, 82.9392, 64, 64, 8, 1, 16, 1, 72.399, 
32, 167772160, 1, 32, 512, 15.6383, 7.382, N/A, 3.20429, 3.15509, 109379, 326.255, 16, 32, 2, 1, 32, 1, 84.2808, 64, 128, 8, 1, 4, 1, 70.1143, 
32, 201326592, 1, 32, 512, 16.8059, 7.53376, N/A, 3.60108, 4.02649, 128309, 387.151, 16, 32, 2, 1, 32, 1, 85.1996, 64, 128, 8, 1, 16, 1, 70.9311, 
32, 234881024, 1, 32, 512, 18.4921, 7.14314, N/A, 3.6705, 4.28111, 149630, 463.859, 16, 64, 2, 1, 32, 1, 82.8604, 64, 128, 8, 1, 16, 1, 72.3026, 
32, 268435456, 1, 32, 512, 19.7887, 7.22485, N/A, 3.91466, 4.6048, 170485, 521.993, 16, 64, 2, 1, 32, 1, 83.6204, 128, 128, 8, 1, 8, 1, 72.6077, 
32, 335544320, 1, 32, 512, 22.2071, 7.382, N/A, 4.40813, 4.35128, 223827, 747.089, 16, 64, 2, 1, 32, 1, 84.7461, 256, 128, 16, 1, 2, 1, 70.8801, 
32, 402653184, 1, 32, 512, 24.3279, 7.53376, N/A, 5.00275, 5.41522, 256923, 888.848, 16, 64, 2, 1, 32, 1, 85.5135, 256, 128, 16, 1, 8, 1, 72.1998, 
32, 469762048, 1, 32, 512, 26.4609, 7.14314, N/A, 5.12813, 5.15821, 304614, 908.186, 32, 64, 4, 1, 32, 1, 84.3351, 128, 256, 16, 1, 8, 1, 66.4876, 
32, 131072, 1, 64, 512, 6.92339, 6.32121, N/A, 1.45986, 1.43075, 148.636, 4.29985, 16, 2, 1, 1, 64, 1, 4.24925, 2, 2, 0.5, 1, 1, 1, 55.9309, 
32, 163840, 1, 64, 512, 6.93624, 6.33265, N/A, 1.46354, 1.43813, 169.411, 4.34807, 16, 2, 1, 1, 64, 1, 5.25263, 2, 2, 0.5, 1, 1, 1, 60.7294, 
32, 196608, 1, 64, 512, 6.94349, 6.337, N/A, 1.46653, 1.43071, 243.523, 4.40174, 16, 2, 1, 1, 64, 1, 6.23349, 2, 4, 0.5, 1, 1, 1, 47.6283, 
32, 229376, 1, 64, 512, 6.95356, 6.34666, N/A, 1.47005, 1.43558, 264.305, 4.45016, 16, 2, 1, 1, 64, 1, 7.1933, 2, 4, 0.5, 1, 1, 1, 51.0301, 
32, 262144, 1, 64, 512, 6.97305, 6.35595, N/A, 1.47661, 1.46134, 231.489, 4.49642, 16, 2, 1, 1, 64, 1, 8.11938, 2, 2, 0.5, 1, 1, 1, 69.6225, 
32, 327680, 1, 64, 512, 6.84425, 1.8208, N/A, 1.54438, 1.55899, 277.989, 4.78154, 32, 2, 1, 1, 64, 1, 9.54073, 2, 2, 0.5, 1, 1, 1, 73.218, 
32, 393216, 1, 64, 512, 7.00755, 6.38911, N/A, 1.4893, 1.46092, 367.553, 4.69473, 16, 2, 1, 1, 64, 1, 11.6782, 2, 4, 0.5, 1, 1, 1, 61.9811, 
32, 458752, 1, 64, 512, 7.02312, 6.40403, N/A, 1.49625, 1.47046, 409.048, 4.79128, 16, 2, 1, 1, 64, 1, 13.35, 2, 4, 0.5, 1, 1, 1, 64.8088, 
32, 524288, 1, 64, 512, 7.03979, 6.41834, N/A, 1.5054, 1.48122, 449.783, 4.89071, 16, 2, 1, 1, 64, 1, 14.9331, 2, 4, 0.5, 1, 1, 1, 67.0286, 
32, 655360, 1, 64, 512, 7.06681, 6.44434, N/A, 1.51932, 1.50005, 532.634, 5.08374, 16, 2, 1, 1, 64, 1, 17.9577, 2, 4, 0.5, 1, 1, 1, 70.5114, 
32, 786432, 1, 64, 512, 7.092, 6.46834, N/A, 1.53325, 1.5189, 615.482, 5.27678, 16, 2, 1, 1, 64, 1, 20.7608, 2, 4, 0.5, 1, 1, 1, 73.0416, 
32, 917504, 1, 64, 512, 6.9689, 1.88485, N/A, 1.60807, 1.66227, 712.439, 5.66891, 32, 2, 1, 1, 64, 1, 22.5376, 2, 4, 0.5, 1, 1, 1, 74.9709, 
32, 1048576, 1, 64, 512, 6.98741, 1.89649, N/A, 1.6242, 1.69039, 796.181, 5.86965, 32, 2, 1, 1, 64, 1, 24.8537, 2, 4, 0.5, 1, 1, 1, 76.2468, 
32, 1310720, 1, 64, 512, 7.19183, 6.55158, N/A, 1.58757, 1.54722, 1050.72, 6.05469, 16, 2, 1, 1, 64, 1, 30.1465, 2, 8, 0.5, 1, 1, 1, 69.132, 
32, 1572864, 1, 64, 512, 7.23089, 6.58806, N/A, 1.62322, 1.74624, 1114.18, 6.4438, 16, 2, 1, 1, 64, 1, 34.0087, 4, 4, 0.5, 1, 1, 1, 76.6416, 
32, 1835008, 1, 64, 512, 7.13673, 1.95858, N/A, 1.71205, 1.99041, 1308.39, 7.04456, 32, 2, 1, 1, 64, 1, 36.2801, 4, 4, 0.5, 1, 1, 1, 77.8587, 
32, 2097152, 1, 64, 512, 7.16512, 1.97784, N/A, 1.74271, 2.05856, 1476.51, 7.43828, 32, 2, 1, 1, 64, 1, 39.2334, 4, 4, 0.5, 1, 1, 1, 78.4703, 
32, 2621440, 1, 64, 512, 7.50362, 6.55158, N/A, 1.66018, 1.92289, 1789.26, 16.3116, 16, 4, 1, 1, 64, 1, 22.3617, 4, 4, 0.5, 1, 1, 1, 79.8185, 
32, 3145728, 1, 64, 512, 7.55012, 6.58806, N/A, 1.68347, 1.79847, 2224.5, 17.112, 16, 4, 1, 1, 64, 1, 25.6087, 4, 8, 0.5, 1, 1, 1, 75.1607, 
32, 3670016, 1, 64, 512, 7.5947, 6.62217, N/A, 1.71337, 1.85513, 2556.4, 17.8934, 16, 4, 1, 1, 64, 1, 28.5718, 4, 8, 0.5, 1, 1, 1, 76.1674, 
32, 4194304, 1, 64, 512, 7.64157, 6.65523, N/A, 1.74537, 1.90519, 2883.87, 18.6685, 16, 4, 1, 1, 64, 1, 31.2681, 4, 8, 0.5, 1, 1, 1, 76.6501, 
32, 5242880, 1, 64, 512, 7.72508, 6.71541, N/A, 1.81872, 2.02586, 3548.11, 20.8584, 16, 4, 1, 1, 64, 1, 36.0674, 8, 8, 1, 1, 2, 1, 75.1713, 
32, 6291456, 1, 64, 512, 7.8419, 6.77125, N/A, 1.87004, 1.92622, 4418.01, 22.4939, 16, 4, 1, 1, 64, 1, 40.1783, 8, 16, 1, 1, 2, 1, 71.0534, 
32, 7340032, 1, 64, 512, 8.16305, 6.62217, N/A, 1.78973, 1.91758, 5106.64, 24.481, 16, 8, 1, 1, 64, 1, 43.0352, 8, 16, 1, 1, 2, 1, 72.6403, 
32, 8388608, 1, 64, 512, 8.22289, 6.65523, N/A, 1.8251, 1.96991, 5760.9, 26.0845, 16, 8, 1, 1, 64, 1, 46.0791, 8, 16, 1, 1, 2, 1, 73.4479, 
32, 10485760, 1, 64, 512, 8.35686, 6.71541, N/A, 1.89192, 2.08577, 7083.81, 29.3405, 16, 8, 1, 1, 64, 1, 51.2048, 8, 16, 1, 1, 2, 1, 75.2786, 
32, 12582912, 1, 64, 512, 8.77613, 6.58806, N/A, 1.84088, 1.93355, 8872.19, 31.0458, 16, 16, 1, 1, 64, 1, 58.0615, 8, 32, 1, 1, 2, 1, 71.458, 
32, 14680064, 1, 64, 512, 8.89161, 6.62217, N/A, 1.88176, 1.9985, 10195.5, 34.3419, 16, 16, 1, 1, 64, 1, 61.2356, 8, 32, 1, 1, 2, 1, 72.883, 
32, 16777216, 1, 64, 512, 9.03776, 6.65523, N/A, 1.94374, 2.32115, 11093.7, 39.6808, 16, 16, 1, 1, 64, 1, 63.7996, 16, 16, 2, 1, 4, 1, 74.1802, 
32, 20971520, 1, 64, 512, 9.30975, 6.71541, N/A, 1.98645, 2.00584, 14968.3, 44.2086, 16, 16, 1, 1, 64, 1, 67.8692, 8, 64, 1, 1, 2, 1, 69.6588, 
32, 25165824, 1, 64, 512, 9.57636, 6.77125, N/A, 2.08537, 2.70651, 16853.7, 50.9421, 16, 16, 1, 1, 64, 1, 70.8834, 16, 32, 1, 1, 2, 1, 72.4115, 
32, 29360128, 1, 64, 512, 9.79384, 6.82382, N/A, 2.2164, 3.85136, 19147, 60.8409, 16, 16, 1, 1, 64, 1, 73.2055, 32, 16, 2, 1, 4, 1, 73.024, 
32, 33554432, 1, 64, 512, 9.97468, 6.8754, N/A, 2.27932, 3.08161, 22225, 67.6839, 16, 16, 1, 1, 64, 1, 75.0074, 32, 32, 2, 1, 4, 1, 71.0357, 
32, 41943040, 1, 64, 512, 10.6589, 6.71541, N/A, 2.23836, 3.33388, 27619.8, 87.4698, 16, 32, 1, 1, 64, 1, 72.4401, 32, 32, 2, 1, 4, 1, 72.7951, 
32, 50331648, 1, 64, 512, 11.0159, 6.77125, N/A, 2.35172, 3.67903, 32912.3, 101.537, 16, 32, 1, 1, 64, 1, 74.8757, 32, 32, 2, 1, 4, 1, 74.0162, 
32, 58720256, 1, 64, 512, 11.3738, 6.82382, N/A, 2.46511, 4.0242, 38204.8, 115.604, 16, 32, 1, 1, 64, 1, 76.7182, 32, 32, 2, 1, 4, 1, 74.9133, 
32, 67108864, 1, 64, 512, 11.824, 6.8754, N/A, 2.55851, 3.32069, 44367.6, 129.58, 16, 32, 1, 1, 64, 1, 78.1213, 32, 64, 2, 1, 4, 1, 71.09, 
32, 83886080, 1, 64, 512, 12.8985, 6.71541, N/A, 2.58817, 3.63368, 55137.1, 168.511, 16, 64, 1, 1, 64, 1, 75.0278, 32, 64, 2, 1, 4, 1, 72.6183, 
32, 100663296, 1, 64, 512, 13.6367, 6.77125, N/A, 2.81873, 4.07605, 66132.5, 217.051, 16, 64, 1, 1, 64, 1, 77.0999, 64, 64, 4, 1, 8, 1, 69.3652, 
32, 117440512, 1, 64, 512, 14.226, 6.82382, N/A, 2.98805, 4.46917, 76703.6, 248.175, 16, 64, 1, 1, 64, 1, 78.6515, 64, 64, 4, 1, 8, 1, 70.841, 
32, 134217728, 1, 64, 512, 14.7874, 6.8754, N/A, 3.15669, 4.78298, 87106.8, 277.887, 16, 64, 1, 1, 64, 1, 79.8193, 64, 64, 4, 1, 8, 1, 71.0406, 
32, 167772160, 1, 64, 512, 16.1204, 6.96974, N/A, 3.40627, 3.7335, 113297, 340.061, 16, 64, 1, 1, 64, 1, 81.5749, 64, 128, 4, 1, 4, 1, 68.4092, 
32, 201326592, 1, 64, 512, 17.3005, 7.05845, N/A, 3.80629, 4.89938, 131544, 402.134, 16, 64, 1, 1, 64, 1, 82.7889, 64, 128, 4, 1, 8, 1, 69.7275, 
32, 234881024, 1, 64, 512, 19.0182, 6.82382, N/A, 3.88618, 5.28328, 153045, 487.172, 16, 128, 1, 1, 64, 1, 79.6637, 64, 128, 4, 1, 8, 1, 71.0372, 
32, 268435456, 1, 64, 512, 20.1627, 6.8754, N/A, 4.17293, 5.71883, 173884, 545.268, 16, 128, 1, 1, 64, 1, 80.7027, 64, 128, 4, 1, 8, 1, 72.4973, 
32, 335544320, 1, 64, 512, 22.7385, 6.96974, N/A, 4.85798, 6.79114, 217668, 784.29, 16, 128, 1, 1, 64, 1, 82.2629, 128, 128, 8, 1, 16, 1, 68.2353, 
32, 402653184, 1, 64, 512, 24.8596, 7.05845, N/A, 5.42041, 7.76533, 259772, 928.898, 16, 128, 1, 1, 64, 1, 83.337, 128, 128, 8, 1, 16, 1, 70.1733, 
32, 469762048, 1, 64, 512, 27.0804, 6.82382, N/A, 5.41268, 5.94607, 314476, 951.169, 32, 128, 2, 1, 64, 1, 81.1409, 128, 256, 8, 1, 8, 1, 66.0665, 
32, 262144, 1, 128, 512, 13.3076, 6.32121, N/A, 3.02438, 2.95703, 602.877, 9.76004, 32, 2, 1, 1, 128, 1, 3.74746, 4, 4, 0.5, 1, 1, 1, 28.9631, 
32, 327680, 1, 128, 512, 13.3663, 6.33265, N/A, 3.04586, 3.13395, 436.614, 9.85985, 32, 2, 1, 1, 128, 1, 4.63845, 8, 2, 0.5, 1, 1, 1, 37.7427, 
32, 393216, 1, 128, 512, 13.3709, 6.337, N/A, 3.05348, 3.17965, 478.621, 9.95708, 32, 2, 1, 1, 128, 1, 5.51176, 8, 2, 0.5, 1, 1, 1, 41.7588, 
32, 458752, 1, 128, 512, 13.3749, 6.34666, N/A, 3.06089, 3.22515, 520.435, 10.0538, 32, 2, 1, 1, 128, 1, 6.36848, 8, 2, 0.5, 1, 1, 1, 45.1977, 
32, 524288, 1, 128, 512, 13.37, 6.35595, N/A, 3.07123, 3.26505, 561.699, 10.1591, 32, 2, 1, 1, 128, 1, 7.19614, 8, 2, 0.5, 1, 1, 1, 48.0215, 
32, 655360, 1, 128, 512, 13.3771, 6.37328, N/A, 3.08587, 3.35364, 645.194, 10.352, 32, 2, 1, 1, 128, 1, 8.82755, 8, 2, 0.5, 1, 1, 1, 52.9006, 
32, 786432, 1, 128, 512, 13.3848, 6.38911, N/A, 3.10058, 3.44229, 728.686, 10.5451, 32, 2, 1, 1, 128, 1, 10.399, 8, 2, 0.5, 1, 1, 1, 56.7435, 
32, 917504, 1, 128, 512, 13.3933, 6.40403, N/A, 3.11527, 3.53093, 812.175, 10.7381, 32, 2, 1, 1, 128, 1, 11.914, 8, 2, 0.5, 1, 1, 1, 59.8613, 
32, 1048576, 1, 128, 512, 13.4025, 6.41834, N/A, 3.13396, 3.60612, 894.645, 10.9403, 32, 2, 1, 1, 128, 1, 13.3532, 8, 2, 0.5, 1, 1, 1, 62.1178, 
32, 1310720, 1, 128, 512, 13.4186, 6.44434, N/A, 3.16327, 3.77887, 1061.29, 11.3261, 32, 2, 1, 1, 128, 1, 16.1225, 8, 2, 0.5, 1, 1, 1, 66.1101, 
32, 1572864, 1, 128, 512, 13.4352, 6.46834, N/A, 3.19259, 3.95164, 1227.94, 11.712, 32, 2, 1, 1, 128, 1, 18.7093, 8, 2, 0.5, 1, 1, 1, 69.0673, 
32, 1835008, 1, 128, 512, 13.4914, 6.49087, N/A, 3.21336, 3.58463, 1598.04, 12.1088, 32, 2, 1, 1, 128, 1, 21.1313, 8, 4, 0.5, 1, 1, 1, 58.494, 
32, 2097152, 1, 128, 512, 13.4721, 6.51199, N/A, 3.25482, 4.26558, 1559.14, 12.4915, 32, 2, 1, 1, 128, 1, 23.3668, 8, 2, 0.5, 1, 1, 1, 72.9644, 
32, 2621440, 1, 128, 512, 13.5375, 6.55158, N/A, 3.30004, 3.85256, 2095.04, 13.2747, 32, 2, 1, 1, 128, 1, 27.5104, 8, 4, 0.5, 1, 1, 1, 64.5953, 
32, 3145728, 1, 128, 512, 13.5829, 6.58806, N/A, 3.34911, 3.59035, 2834.02, 14.0591, 32, 2, 1, 1, 128, 1, 31.1984, 8, 8, 0.5, 1, 1, 1, 64.961, 
32, 3670016, 1, 128, 512, 13.6046, 6.62217, N/A, 3.40311, 3.70189, 3166.61, 14.8316, 32, 2, 1, 1, 128, 1, 34.502, 8, 8, 0.5, 1, 1, 1, 67.1545, 
32, 4194304, 1, 128, 512, 13.629, 6.65523, N/A, 3.46148, 3.80015, 3494.59, 15.6099, 32, 2, 1, 1, 128, 1, 37.4327, 8, 8, 0.5, 1, 1, 1, 68.5158, 
32, 5242880, 1, 128, 512, 13.7022, 6.71541, N/A, 3.56875, 4.01836, 4158.4, 18.1572, 32, 2, 1, 1, 128, 1, 42.5786, 8, 8, 0.5, 1, 1, 1, 71.1124, 
32, 6291456, 1, 128, 512, 14.2352, 6.58806, N/A, 3.43886, 3.66226, 5659.67, 54.1183, 32, 4, 1, 1, 128, 1, 16.2066, 8, 16, 0.5, 1, 1, 1, 66.5306, 
32, 7340032, 1, 128, 512, 14.2794, 6.62217, N/A, 3.49546, 3.77351, 6323.67, 55.6721, 32, 4, 1, 1, 128, 1, 18.3798, 8, 16, 0.5, 1, 1, 1, 68.3296, 
32, 8388608, 1, 128, 512, 14.6399, 6.51199, N/A, 3.40202, 3.77866, 7028.75, 59.0854, 32, 8, 1, 1, 128, 1, 19.7694, 8, 16, 0.5, 1, 1, 1, 69.3874, 
32, 10485760, 1, 128, 512, 14.7522, 6.55158, N/A, 3.46492, 3.96182, 8354.01, 62.2106, 32, 8, 1, 1, 128, 1, 23.4699, 8, 16, 0.5, 1, 1, 1, 71.4741, 
32, 12582912, 1, 128, 512, 15.1455, 6.46834, N/A, 3.41024, 3.65744, 11400.4, 60.1018, 32, 16, 1, 1, 128, 1, 29.1595, 8, 32, 0.5, 1, 1, 1, 67.3395, 
32, 14680064, 1, 128, 512, 15.2357, 6.49087, N/A, 3.44705, 3.75305, 12726.9, 63.2508, 32, 16, 1, 1, 128, 1, 32.3254, 8, 32, 0.5, 1, 1, 1, 68.9056, 
32, 16777216, 1, 128, 512, 15.4037, 6.51199, N/A, 3.51823, 5.4895, 12456.6, 66.4659, 32, 16, 1, 1, 128, 1, 35.1537, 16, 16, 0.5, 1, 1, 1, 71.2364, 
32, 20971520, 1, 128, 512, 15.5869, 6.55158, N/A, 3.54328, 3.66675, 19925.1, 75.6834, 32, 16, 1, 1, 128, 1, 40.1381, 8, 64, 0.5, 1, 1, 1, 65.6405, 
32, 25165824, 1, 128, 512, 16.0176, 6.46834, N/A, 3.52869, 4.96314, 19586.2, 83.0043, 32, 32, 1, 1, 128, 1, 45.5164, 16, 32, 0.5, 1, 1, 1, 69.2488, 
32, 29360128, 1, 128, 512, 16.1982, 6.49087, N/A, 3.64489, 7.22045, 20636.7, 85.9151, 32, 32, 1, 1, 128, 1, 49.0616, 32, 16, 1, 1, 2, 1, 69.8642, 
32, 33554432, 1, 128, 512, 16.3389, 6.51199, N/A, 3.6759, 5.55723, 24891.9, 92.5444, 32, 32, 1, 1, 128, 1, 52.0317, 32, 32, 1, 1, 2, 1, 68.5222, 
32, 41943040, 1, 128, 512, 16.6036, 6.55158, N/A, 3.76583, 6.15046, 30196.9, 105.606, 32, 32, 1, 1, 128, 1, 56.9905, 32, 32, 1, 1, 2, 1, 70.4406, 
32, 50331648, 1, 128, 512, 16.8485, 6.58806, N/A, 3.85604, 6.74387, 35502, 118.669, 32, 32, 1, 1, 128, 1, 60.8569, 32, 32, 1, 1, 2, 1, 71.779, 
32, 58720256, 1, 128, 512, 17.0934, 6.62217, N/A, 3.94609, 7.33711, 40807.1, 131.732, 32, 32, 1, 1, 128, 1, 63.956, 32, 32, 1, 1, 2, 1, 72.766, 
32, 67108864, 1, 128, 512, 17.6133, 24.4763, N/A, 3.89243, 5.46435, 48768.5, 143.332, 16, 32, 1, 1, 128, 1, 67.13, 32, 64, 1, 1, 2, 1, 69.0329, 
32, 83886080, 1, 128, 512, 18.055, 24.5878, N/A, 4.06821, 6.06624, 59228.9, 169.307, 16, 32, 1, 1, 128, 1, 71.0319, 32, 64, 1, 1, 2, 1, 70.6275, 
32, 100663296, 1, 128, 512, 18.6111, 24.6905, N/A, 4.34289, 6.75356, 70463, 206.487, 16, 32, 1, 1, 128, 1, 73.8953, 64, 64, 2, 1, 4, 1, 68.3494, 
32, 117440512, 1, 128, 512, 19.2351, 6.62217, N/A, 4.34184, 7.54587, 82214.7, 259.962, 32, 64, 1, 1, 128, 1, 68.3802, 64, 64, 2, 1, 4, 1, 69.8667, 
32, 134217728, 1, 128, 512, 19.577, 6.65523, N/A, 4.45379, 8.01391, 92676.4, 287.244, 32, 64, 1, 1, 128, 1, 70.5549, 64, 64, 2, 1, 4, 1, 70.1515, 
32, 167772160, 1, 128, 512, 20.603, 24.5878, N/A, 4.55458, 6.42443, 119784, 343.817, 16, 64, 1, 1, 128, 1, 73.8025, 64, 128, 2, 1, 4, 1, 67.2368, 
32, 201326592, 1, 128, 512, 21.3116, 24.6905, N/A, 4.78632, 7.06611, 140677, 398.811, 16, 64, 1, 1, 128, 1, 76.3457, 64, 128, 2, 1, 4, 1, 68.9567, 
32, 234881024, 1, 128, 512, 22.0207, 24.7866, N/A, 5.01808, 7.70783, 161570, 453.78, 16, 64, 1, 1, 128, 1, 78.2723, 64, 128, 2, 1, 4, 1, 70.2754, 
32, 268435456, 1, 128, 512, 22.7018, 24.879, N/A, 5.25058, 8.19161, 182112, 507.379, 16, 64, 1, 1, 128, 1, 79.752, 64, 128, 2, 1, 4, 1, 70.3076, 
32, 335544320, 1, 128, 512, 24.7795, 6.71541, N/A, 5.6272, 9.83358, 230206, 733.252, 32, 128, 1, 1, 128, 1, 75.896, 128, 128, 4, 1, 8, 1, 66.7714, 
32, 402653184, 1, 128, 512, 25.9617, 6.77125, N/A, 5.976, 11.0762, 272391, 855.2, 32, 128, 1, 1, 128, 1, 78.0763, 128, 128, 4, 1, 8, 1, 68.6724, 
32, 469762048, 1, 128, 512, 27.3849, 6.82382, N/A, 6.10535, 7.19932, 354821, 977.827, 32, 128, 1, 1, 128, 1, 79.7118, 128, 256, 4, 1, 4, 1, 64.7255, 
32, 524288, 1, 256, 512, 26.4779, 6.32121, N/A, 6.25496, 6.63034, 1200.31, 23.4008, 64, 2, 1, 1, 256, 1, 3.12709, 16, 2, 0.5, 1, 1, 1, 22.2685, 
32, 655360, 1, 256, 512, 26.4821, 6.33265, N/A, 6.26964, 6.80303, 1283.91, 23.5937, 64, 2, 1, 1, 256, 1, 3.87687, 16, 2, 0.5, 1, 1, 1, 26.2082, 
32, 786432, 1, 256, 512, 26.4868, 6.337, N/A, 6.28477, 6.97615, 1367.93, 23.7879, 64, 2, 1, 1, 256, 1, 4.61424, 16, 2, 0.5, 1, 1, 1, 29.705, 
32, 917504, 1, 256, 512, 26.5856, 6.34666, N/A, 6.3011, 6.57754, 2258.43, 24.0006, 64, 2, 1, 1, 256, 1, 5.33984, 16, 4, 0.5, 1, 1, 1, 14.5386, 
32, 1048576, 1, 256, 512, 26.4738, 6.35595, N/A, 6.31695, 7.29036, 1534.08, 24.1951, 64, 2, 1, 1, 256, 1, 6.04313, 16, 2, 0.5, 1, 1, 1, 35.5274, 
32, 1310720, 1, 256, 512, 26.565, 6.37328, N/A, 6.34491, 6.8316, 2507.61, 24.6006, 64, 2, 1, 1, 256, 1, 7.43533, 16, 4, 0.5, 1, 1, 1, 19.3497, 
32, 1572864, 1, 256, 512, 26.571, 6.38911, N/A, 6.37272, 7.00888, 2674.59, 24.9872, 64, 2, 1, 1, 256, 1, 8.78434, 16, 4, 0.5, 1, 1, 1, 22.232, 
32, 1835008, 1, 256, 512, 26.5769, 6.40403, N/A, 6.4005, 7.18615, 2841.57, 25.3735, 64, 2, 1, 1, 256, 1, 10.0923, 16, 4, 0.5, 1, 1, 1, 24.8813, 
32, 2097152, 1, 256, 512, 26.5667, 6.41834, N/A, 6.4363, 7.33734, 3006.23, 25.7814, 64, 2, 1, 1, 256, 1, 11.3419, 16, 4, 0.5, 1, 1, 1, 27.2206, 
32, 2621440, 1, 256, 512, 26.5785, 6.44434, N/A, 6.49193, 7.68293, 3339.64, 26.554, 64, 2, 1, 1, 256, 1, 13.7648, 16, 4, 0.5, 1, 1, 1, 31.5514, 
32, 3145728, 1, 256, 512, 26.655, 6.46834, N/A, 6.54486, 7.10232, 5285.42, 27.3486, 64, 2, 1, 1, 256, 1, 16.0506, 16, 8, 0.5, 1, 1, 1, 33.9368, 
32, 3670016, 1, 256, 512, 26.6648, 6.49087, N/A, 6.59888, 7.29331, 5618.79, 28.1214, 64, 2, 1, 1, 256, 1, 18.211, 16, 8, 0.5, 1, 1, 1, 37.1188, 
32, 4194304, 1, 256, 512, 26.6732, 6.51199, N/A, 6.7674, 15.9636, 3542.96, 28.9093, 64, 2, 1, 1, 256, 1, 20.2234, 32, 2, 0.5, 1, 1, 1, 61.0578, 
32, 5242880, 1, 256, 512, 26.6776, 6.55158, N/A, 6.76774, 7.83014, 6612.46, 30.4581, 64, 2, 1, 1, 256, 1, 23.9973, 16, 8, 0.5, 1, 1, 1, 44.4866, 
32, 6291456, 1, 256, 512, 26.6974, 6.58806, N/A, 6.87564, 8.20295, 7277.65, 32.4281, 64, 2, 1, 1, 256, 1, 27.4067, 16, 8, 0.5, 1, 1, 1, 48.2981, 
32, 7340032, 1, 256, 512, 26.7976, 6.62217, N/A, 6.97657, 7.52612, 11166.2, 34.2048, 64, 2, 1, 1, 256, 1, 30.5019, 16, 16, 0.5, 1, 1, 1, 52.2706, 
32, 8388608, 1, 256, 512, 26.7984, 6.65523, N/A, 7.09184, 7.7233, 11821.1, 37.2434, 64, 2, 1, 1, 256, 1, 33.2818, 16, 16, 0.5, 1, 1, 1, 54.4838, 
32, 10485760, 1, 256, 512, 27.4788, 6.55158, N/A, 6.91707, 7.92582, 13210.5, 194.842, 64, 4, 1, 1, 256, 1, 7.50102, 16, 16, 0.5, 1, 1, 1, 58.4143, 
32, 12582912, 1, 256, 512, 28.1575, 6.38911, N/A, 6.67221, 8.07357, 14893.9, 181.526, 64, 16, 1, 1, 256, 1, 9.65903, 16, 16, 0.5, 1, 1, 1, 61.3652, 
32, 14680064, 1, 256, 512, 28.319, 6.40403, N/A, 6.70349, 7.36876, 22666.9, 184.797, 64, 16, 1, 1, 256, 1, 11.0783, 16, 32, 0.5, 1, 1, 1, 56.5295, 
32, 16777216, 1, 256, 512, 28.3484, 6.41834, N/A, 6.74114, 7.50589, 23977.3, 187.889, 64, 16, 1, 1, 256, 1, 12.4411, 16, 32, 0.5, 1, 1, 1, 58.4197, 
32, 20971520, 1, 256, 512, 28.8953, 23.9426, N/A, 6.57062, 7.58713, 26754.5, 138.812, 32, 32, 1, 1, 256, 1, 21.0505, 16, 32, 0.5, 1, 1, 1, 61.7316, 
32, 25165824, 1, 256, 512, 28.7235, 24.1252, N/A, 6.69176, 7.86401, 28996.2, 138.944, 32, 16, 1, 1, 256, 1, 25.2397, 16, 32, 0.5, 1, 1, 1, 64.1562, 
32, 29360128, 1, 256, 512, 29.0114, 24.0019, N/A, 6.65458, 8.1838, 31996.4, 151.292, 32, 32, 1, 1, 256, 1, 27.0393, 16, 32, 0.5, 1, 1, 1, 66.0222, 
32, 33554432, 1, 256, 512, 28.8744, 24.2083, N/A, 6.91352, 10.6671, 34279.4, 151.581, 32, 16, 1, 1, 256, 1, 30.8633, 32, 32, 0.5, 1, 1, 1, 63.9307, 
32, 41943040, 1, 256, 512, 29.003, 24.283, N/A, 7.04785, 11.8084, 39532.2, 164.015, 32, 16, 1, 1, 256, 1, 35.6527, 32, 32, 0.5, 1, 1, 1, 66.1213, 
32, 50331648, 1, 256, 512, 29.5733, 24.1252, N/A, 6.95064, 12.919, 45168.7, 182.798, 32, 32, 1, 1, 256, 1, 38.3811, 32, 32, 0.5, 1, 1, 1, 67.6655, 
32, 58720256, 1, 256, 512, 29.7629, 24.1681, N/A, 7.03441, 14.043, 50423.1, 195.281, 32, 32, 1, 1, 256, 1, 41.9148, 32, 32, 0.5, 1, 1, 1, 68.8126, 
32, 67108864, 1, 256, 512, 30.0592, 24.2083, N/A, 7.11327, 10.685, 68473.3, 227.958, 32, 32, 1, 1, 256, 1, 44.974, 32, 64, 0.5, 1, 1, 1, 64.6058, 
32, 83886080, 1, 256, 512, 30.3948, 24.283, N/A, 7.27534, 11.8093, 78958.8, 277.907, 32, 32, 1, 1, 256, 1, 50.1911, 32, 64, 0.5, 1, 1, 1, 66.3227, 
32, 100663296, 1, 256, 512, 30.8681, 24.3516, N/A, 7.61978, 13.0932, 89502.6, 265.935, 32, 32, 1, 1, 256, 1, 54.398, 64, 64, 1, 1, 2, 1, 64.9205, 
32, 117440512, 1, 256, 512, 30.9623, 24.4154, N/A, 7.73212, 14.1797, 99994.5, 291.669, 32, 32, 1, 1, 256, 1, 57.8621, 64, 64, 1, 1, 2, 1, 66.5887, 
32, 134217728, 1, 256, 512, 31.1652, 24.4763, N/A, 7.88275, 14.9876, 110307, 317.029, 32, 32, 1, 1, 256, 1, 60.719, 64, 64, 1, 1, 2, 1, 67.2965, 
32, 167772160, 1, 256, 512, 32.5511, 24.283, N/A, 7.75869, 11.9914, 157756, 440.596, 32, 64, 1, 1, 256, 1, 54.6382, 64, 128, 1, 1, 2, 1, 64.4396, 
32, 201326592, 1, 256, 512, 33.0286, 24.3516, N/A, 7.9497, 13.1042, 178690, 492.192, 32, 64, 1, 1, 256, 1, 58.6911, 64, 128, 1, 1, 2, 1, 66.2463, 
32, 234881024, 1, 256, 512, 33.5067, 24.4154, N/A, 8.1407, 14.217, 199623, 543.774, 32, 64, 1, 1, 256, 1, 61.9748, 64, 128, 1, 1, 2, 1, 67.6321, 
32, 268435456, 1, 256, 512, 33.7856, 24.4763, N/A, 8.31856, 15.0616, 220281, 594.983, 32, 64, 1, 1, 256, 1, 64.6484, 64, 128, 1, 1, 2, 1, 67.8137, 
32, 335544320, 1, 256, 512, 35.0595, 24.5878, N/A, 9.05297, 17.5199, 267949, 737.396, 32, 64, 1, 1, 256, 1, 68.8774, 128, 128, 2, 1, 4, 1, 65.3111, 
32, 402653184, 1, 256, 512, 35.7661, 24.6905, N/A, 9.40712, 19.677, 309736, 846.229, 32, 64, 1, 1, 256, 1, 72.0181, 128, 128, 2, 1, 4, 1, 67.3016, 
32, 469762048, 1, 256, 512, 37.7568, 24.4154, N/A, 9.19614, 14.8554, 410387, 1106.72, 32, 128, 1, 1, 256, 1, 64.2808, 128, 256, 2, 1, 4, 1, 63.0972, 
32, 2048, 1, 32, 512, 0.392066, 0.825648, 0.0296123, 0.0300417, 0.0315659, 8.13081, 0.0685552, 1, 4, 1, 1, 1, 1, 9.82923, N/A, N/A, N/A, N/A, N/A, N/A, N/A, 
32, 2560, 1, 40, 512, 0.39696, 0.833027, 0.0300053, 0.0300899, 0.0321076, 8.5265, 0.070213, 1, 4, 1, 1, 1, 1, 11.7298, N/A, N/A, N/A, N/A, N/A, N/A, N/A, 
32, 3072, 1, 48, 512, 0.401539, 0.83776, 0.0303787, 0.030138, 0.0326493, 8.92183, 0.0718708, 1, 4, 1, 1, 1, 1, 13.5428, N/A, N/A, N/A, N/A, N/A, N/A, N/A, 
32, 3584, 1, 56, 512, 0.405863, 0.842324, 0.0307514, 0.0301032, 0.0331079, 9.28048, 0.0734775, 1, 4, 1, 1, 1, 1, 15.2846, N/A, N/A, N/A, N/A, N/A, N/A, N/A, 
32, 4096, 1, 64, 512, 0.40998, 0.84675, 0.0311245, 0.0302469, 0.0337451, 9.91965, 0.07627, 1, 4, 1, 1, 1, 1, 16.6883, N/A, N/A, N/A, N/A, N/A, N/A, N/A, 
32, 5120, 1, 80, 512, 0.417711, 0.85483, 0.031866, 0.030345, 0.0348302, 10.7698, 0.0796479, 1, 4, 1, 1, 1, 1, 19.7407, N/A, N/A, N/A, N/A, N/A, N/A, N/A, 
32, 6144, 1, 96, 512, 0.424919, 0.862262, 0.0326032, 0.0304524, 0.0359246, 11.6325, 0.0830298, 1, 4, 1, 1, 1, 1, 22.5436, N/A, N/A, N/A, N/A, N/A, N/A, N/A, 
32, 7168, 1, 112, 512, 0.428285, 0.866061, 0.034288, 0.0305508, 0.03701, 12.7098, 0.0864043, 1, 4, 1, 1, 1, 1, 25.1293, N/A, N/A, N/A, N/A, N/A, N/A, N/A, 
32, 8192, 1, 128, 512, 0.4459, 0.884032, 0.0350665, 0.030636, 0.0380822, 13.591, 0.0898422, 1, 4, 1, 1, 1, 1, 27.5011, N/A, N/A, N/A, N/A, N/A, N/A, N/A, 
32, 10240, 1, 160, 512, 0.480955, 0.920699, 0.036646, 0.0308313, 0.0402515, 15.3314, 0.09658, 1, 4, 1, 1, 1, 1, 31.7844, N/A, N/A, N/A, N/A, N/A, N/A, N/A, 
32, 12288, 1, 192, 512, 0.515868, 0.956631, 0.0382823, 0.0310258, 0.0424201, 17.0688, 0.103318, 1, 4, 1, 1, 1, 1, 35.5087, N/A, N/A, N/A, N/A, N/A, N/A, N/A, 
32, 14336, 1, 224, 512, 0.550526, 0.992608, 0.0398969, 0.0312208, 0.0445891, 18.8037, 0.110054, 1, 4, 1, 1, 1, 1, 38.7779, N/A, N/A, N/A, N/A, N/A, N/A, N/A, 
32, 16384, 1, 256, 512, 0.584871, 1.02866, 0.0414187, 0.0314487, 0.046791, 20.5521, 0.11686, 1, 4, 1, 1, 1, 1, 41.6451, N/A, N/A, N/A, N/A, N/A, N/A, N/A, 
32, 20480, 1, 320, 512, 0.653929, 1.10236, 0.0445755, 0.0318416, 0.0511319, 24.0148, 0.130332, 1, 4, 1, 1, 1, 1, 46.532, N/A, N/A, N/A, N/A, N/A, N/A, N/A, 
32, 24576, 1, 384, 512, 0.723823, 1.17854, 0.0476857, 0.0322353, 0.0554737, 27.4726, 0.143803, 1, 4, 1, 1, 1, 1, 50.5036, N/A, N/A, N/A, N/A, N/A, N/A, N/A, 
32, 28672, 1, 448, 512, 0.7957, 1.2584, 0.0509035, 0.0326301, 0.0598165, 30.9265, 0.157267, 1, 4, 1, 1, 1, 1, 53.7971, N/A, N/A, N/A, N/A, N/A, N/A, N/A, 
32, 32768, 1, 512, 512, 0.867919, 1.3403, 0.0538423, 0.0329795, 0.0641139, 34.3611, 0.170834, 1, 4, 1, 1, 1, 1, 56.5371, N/A, N/A, N/A, N/A, N/A, N/A, N/A, 
32, 40960, 1, 640, 512, 1.01614, 1.51302, 0.0595325, 0.033756, 0.0727865, 41.112, 0.197761, 1, 4, 1, 1, 1, 1, 60.9542, N/A, N/A, N/A, N/A, N/A, N/A, N/A, 
32, 49152, 1, 768, 512, 0.901362, 1.17854, 0.105174, 0.0564901, 0.0797285, 62.4267, 0.498096, 1, 8, 1, 1, 1, 1, 29.1613, N/A, N/A, N/A, N/A, N/A, N/A, N/A, 
32, 57344, 1, 896, 512, 0.980674, 1.2584, 0.114948, 0.0587578, 0.0859442, 69.5211, 0.539468, 1, 8, 1, 1, 1, 1, 31.3661, N/A, N/A, N/A, N/A, N/A, N/A, N/A, 
32, 65536, 1, 1024, 512, 1.06038, 1.3403, 0.12418, 0.0610374, 0.0921718, 76.5822, 0.581313, 1, 8, 1, 1, 1, 1, 33.2297, N/A, N/A, N/A, N/A, N/A, N/A, N/A, 
32, 81920, 1, 1280, 512, 1.22346, 1.51302, 0.142237, 0.0655657, 0.104596, 90.4572, 0.664069, 1, 8, 1, 1, 1, 1, 36.3044, N/A, N/A, N/A, N/A, N/A, N/A, N/A, 
32, 98304, 1, 1536, 512, 1.39149, 1.69756, 0.160294, 0.070094, 0.117021, 104.332, 0.746824, 1, 8, 1, 1, 1, 1, 38.6978, N/A, N/A, N/A, N/A, N/A, N/A, N/A, 
32, 114688, 1, 1792, 512, 1.56439, 1.89389, 0.178352, 0.0746223, 0.129445, 118.207, 0.829578, 1, 8, 1, 1, 1, 1, 40.6137, N/A, N/A, N/A, N/A, N/A, N/A, N/A, 
32, 131072, 1, 2048, 512, 1.74216, 2.10195, 0.196425, 0.0793104, 0.142029, 132.138, 0.912839, 1, 8, 1, 1, 1, 1, 42.1586, N/A, N/A, N/A, N/A, N/A, N/A, N/A, 
32, 163840, 1, 2560, 512, 1.61555, 1.51302, 0.389827, 0.14417, 0.183201, 188.368, 1.27964, 1, 16, 1, 1, 1, 1, 37.6803, N/A, N/A, N/A, N/A, N/A, N/A, N/A, 
32, 196608, 1, 3072, 512, 1.78356, 1.69756, 0.421535, 0.148702, 0.195628, 216.304, 1.41626, 1, 16, 1, 1, 1, 1, 40.8124, N/A, N/A, N/A, N/A, N/A, N/A, N/A, 
32, 229376, 1, 3584, 512, 1.95646, 1.89389, 0.453243, 0.153234, 0.208057, 244.24, 1.55287, 1, 16, 1, 1, 1, 1, 43.3934, N/A, N/A, N/A, N/A, N/A, N/A, N/A, 
32, 262144, 1, 4096, 512, 1.81958, 1.3403, 0.618804, 0.212161, 0.243296, 320.879, 2.54874, 1, 32, 1, 1, 1, 1, 30.316, N/A, N/A, N/A, N/A, N/A, N/A, N/A, 
32, 327680, 1, 5120, 512, 2.01239, 1.51302, 0.692593, 0.224226, 0.263256, 377.406, 2.87987, 1, 32, 1, 1, 1, 1, 33.4857, N/A, N/A, N/A, N/A, N/A, N/A, N/A, 
32, 393216, 1, 6144, 512, 2.21014, 1.69756, 0.766383, 0.23629, 0.283217, 433.933, 3.21101, 1, 32, 1, 1, 1, 1, 36.0017, N/A, N/A, N/A, N/A, N/A, N/A, N/A, 
32, 458752, 1, 7168, 512, 2.41277, 1.89389, 0.840174, 0.248356, 0.303178, 490.459, 3.54214, 1, 32, 1, 1, 1, 1, 38.0473, N/A, N/A, N/A, N/A, N/A, N/A, N/A, 
32, 524288, 1, 8192, 512, 2.62046, 2.10195, 0.914092, 0.260914, 0.323633, 547.221, 3.87537, 1, 32, 1, 1, 1, 1, 39.7217, N/A, N/A, N/A, N/A, N/A, N/A, N/A, 
32, 655360, 1, 10240, 512, 3.04959, 2.55305, 1.06167, 0.285093, 0.363604, 660.276, 4.53775, 1, 32, 1, 1, 1, 1, 42.3712, N/A, N/A, N/A, N/A, N/A, N/A, N/A, 
32, 786432, 1, 12288, 512, 2.63512, 1.17854, 1.52325, 0.43375, 0.456988, 916.33, 7.43005, 1, 128, 1, 1, 1, 1, 31.2786, N/A, N/A, N/A, N/A, N/A, N/A, N/A, 
32, 917504, 1, 14336, 512, 2.74045, 1.2584, 1.63996, 0.442611, 0.469797, 1022.61, 7.95007, 1, 128, 1, 1, 1, 1, 34.0545, N/A, N/A, N/A, N/A, N/A, N/A, N/A, 
32, 1048576, 1, 16384, 512, 2.84677, 1.3403, 1.74865, 0.452252, 0.483387, 1128.37, 8.47704, 1, 128, 1, 1, 1, 1, 36.4597, N/A, N/A, N/A, N/A, N/A, N/A, N/A, 
32, 1310720, 1, 20480, 512, 3.06185, 1.51302, 1.9597, 0.46998, 0.50901, 1336.22, 9.51716, 1, 128, 1, 1, 1, 1, 40.5308, N/A, N/A, N/A, N/A, N/A, N/A, N/A, 
32, 1572864, 1, 24576, 512, 3.28188, 1.69756, 2.17076, 0.48771, 0.534636, 1544.07, 10.5573, 1, 128, 1, 1, 1, 1, 43.7998, N/A, N/A, N/A, N/A, N/A, N/A, N/A, 
32, 1835008, 1, 28672, 512, 3.50679, 1.89389, 2.38182, 0.505441, 0.560264, 1751.91, 11.5974, 1, 128, 1, 1, 1, 1, 46.4825, N/A, N/A, N/A, N/A, N/A, N/A, N/A, 
32, 2097152, 1, 32768, 512, 3.73707, 2.10195, 2.59315, 0.524155, 0.586874, 1960.58, 12.6447, 1, 128, 1, 1, 1, 1, 48.696, N/A, N/A, N/A, N/A, N/A, N/A, N/A, 
32, 2621440, 1, 40960, 512, 4.21076, 2.55305, 3.01528, 0.559685, 0.638196, 2376.28, 14.7253, 1, 128, 1, 1, 1, 1, 52.2287, N/A, N/A, N/A, N/A, N/A, N/A, N/A, 
32, 3145728, 1, 49152, 512, 4.7031, 3.05046, 3.43742, 0.595218, 0.689521, 2791.97, 16.8059, 1, 128, 1, 1, 1, 1, 54.8867, N/A, N/A, N/A, N/A, N/A, N/A, N/A, 
32, 3670016, 1, 57344, 512, 5.21375, 3.59387, 3.85957, 0.630755, 0.74085, 3207.67, 18.8865, 1, 128, 1, 1, 1, 1, 56.959, N/A, N/A, N/A, N/A, N/A, N/A, N/A, 
32, 4194304, 1, 65536, 512, 5.74304, 4.18308, 4.28198, 0.667419, 0.793306, 3625.36, 20.9767, 1, 128, 1, 1, 1, 1, 58.5932, N/A, N/A, N/A, N/A, N/A, N/A, N/A, 
32, 5242880, 1, 81920, 512, 5.90025, 2.55305, 6.14736, 0.950256, 1.02877, 5065.3, 32.4352, 1, 256, 1, 1, 1, 1, 47.4227, N/A, N/A, N/A, N/A, N/A, N/A, N/A, 
32, 6291456, 1, 98304, 512, 5.8965, 1.69756, 7.07281, 1.11273, 1.15965, 6081.91, 42.4678, 1, 512, 1, 1, 1, 1, 43.5537, N/A, N/A, N/A, N/A, N/A, N/A, N/A, 
32, 7340032, 1, 114688, 512, 6.19757, 1.89389, 7.83362, 1.14988, 1.2047, 6912.89, 46.5816, 1, 512, 1, 1, 1, 1, 46.2909, N/A, N/A, N/A, N/A, N/A, N/A, N/A, 
32, 8388608, 1, 131072, 512, 6.50488, 2.10195, 8.59507, 1.18927, 1.25199, 7747.1, 50.7275, 1, 512, 1, 1, 1, 1, 48.5531, N/A, N/A, N/A, N/A, N/A, N/A, N/A, 
32, 10485760, 1, 163840, 512, 7.13091, 2.55305, 10.1167, 1.2637, 1.34222, 9409.08, 58.9567, 1, 512, 1, 1, 1, 1, 52.1794, N/A, N/A, N/A, N/A, N/A, N/A, N/A, 
32, 12582912, 1, 196608, 512, 7.77558, 3.05046, 11.6383, 1.33815, 1.43245, 11071.1, 67.186, 1, 512, 1, 1, 1, 1, 54.9173, N/A, N/A, N/A, N/A, N/A, N/A, N/A, 
32, 14680064, 1, 229376, 512, 8.4386, 3.59387, 13.16, 1.4126, 1.52269, 12733, 75.4154, 1, 512, 1, 1, 1, 1, 57.0576, N/A, N/A, N/A, N/A, N/A, N/A, N/A, 
32, 16777216, 1, 262144, 512, 9.12115, 4.18308, 14.6823, 1.48968, 1.61557, 14403, 83.6875, 1, 512, 1, 1, 1, 1, 58.7468, N/A, N/A, N/A, N/A, N/A, N/A, N/A, 
32, 20971520, 1, 327680, 512, 10.5371, 5.49833, 17.7257, 1.63881, 1.79628, 17726.9, 100.15, 1, 512, 1, 1, 1, 1, 61.3389, N/A, N/A, N/A, N/A, N/A, N/A, N/A, 
32, 25165824, 1, 393216, 512, 12.0242, 6.99549, 20.769, 1.78795, 1.977, 21050.9, 116.612, 1, 512, 1, 1, 1, 1, 63.1991, N/A, N/A, N/A, N/A, N/A, N/A, N/A, 
32, 29360128, 1, 458752, 512, 13.5821, 8.67419, 23.8124, 1.93709, 2.15773, 24374.9, 133.074, 1, 512, 1, 1, 1, 1, 64.5991, N/A, N/A, N/A, N/A, N/A, N/A, N/A, 
32, 33554432, 1, 524288, 512, 15.2135, 10.5342, 26.8575, 2.09019, 2.34242, 27707, 149.686, 1, 512, 1, 1, 1, 1, 65.625, N/A, N/A, N/A, N/A, N/A, N/A, N/A, 
32, 41943040, 1, 655360, 512, 18.6816, 14.7981, 32.9443, 2.38895, 2.70434, 34355, 182.638, 1, 512, 1, 1, 1, 1, 67.218, N/A, N/A, N/A, N/A, N/A, N/A, N/A, 
32, 50331648, 1, 786432, 512, 22.4311, 19.7865, 39.0312, 2.68771, 3.06627, 41003, 215.589, 1, 512, 1, 1, 1, 1, 68.324, N/A, N/A, N/A, N/A, N/A, N/A, N/A, 
32, 58720256, 1, 917504, 512, 26.462, 25.4995, 45.118, 2.98648, 3.42821, 47651, 248.541, 1, 512, 1, 1, 1, 1, 69.1368, N/A, N/A, N/A, N/A, N/A, N/A, N/A, 
32, 67108864, 1, 1048576, 512, 30.7949, 31.937, 51.2186, 3.29561, 3.8005, 54315.8, 283.61, 1, 512, 1, 1, 1, 1, 69.2386, N/A, N/A, N/A, N/A, N/A, N/A, N/A, 
32, 83886080, 1, 1310720, 512, 40.2627, 46.9853, 63.3923, 3.89406, 4.5253, 67611.9, 350.001, 1, 512, 1, 1, 1, 1, 70.1242, N/A, N/A, N/A, N/A, N/A, N/A, N/A, 
32, 100663296, 1, 1572864, 512, 50.8554, 64.9316, 75.566, 4.49252, 5.25009, 80908, 416.392, 1, 512, 1, 1, 1, 1, 70.7273, N/A, N/A, N/A, N/A, N/A, N/A, N/A, 
32, 117440512, 1, 1835008, 512, 62.5732, 85.776, 87.7398, 5.09099, 5.9749, 94204.2, 482.784, 1, 512, 1, 1, 1, 1, 71.1646, N/A, N/A, N/A, N/A, N/A, N/A, N/A, 
32, 134217728, 1, 2097152, 512, 75.4369, 109.518, 99.9272, 5.70344, 6.71369, 107517, 553.242, 1, 512, 1, 1, 1, 1, 70.9705, N/A, N/A, N/A, N/A, N/A, N/A, N/A, 
32, 167772160, 1, 2621440, 512, 104.498, 165.698, 124.275, 6.9022, 8.16512, 134110, 687.001, 1, 512, 1, 1, 1, 1, 71.4373, N/A, N/A, N/A, N/A, N/A, N/A, N/A, 
32, 201326592, 1, 3145728, 512, 138.061, 233.471, 148.622, 8.10096, 9.61655, 160702, 820.759, 1, 512, 1, 1, 1, 1, 71.7519, N/A, N/A, N/A, N/A, N/A, N/A, N/A, 
32, 234881024, 1, 3670016, 512, 176.126, 312.838, 172.97, 9.29972, 11.068, 187295, 954.517, 1, 512, 1, 1, 1, 1, 71.9784, N/A, N/A, N/A, N/A, N/A, N/A, N/A, 
32, 268435456, 1, 4194304, 512, 218.732, 403.799, 197.344, 10.5248, 12.5458, 213921, 1103.98, 1, 512, 1, 1, 1, 1, 71.123, N/A, N/A, N/A, N/A, N/A, N/A, N/A, 
32, 335544320, 1, 5242880, 512, 317.371, 620.502, 246.039, 12.926, 15.4523, 267106, 1375.34, 1, 512, 1, 1, 1, 1, 71.3606, N/A, N/A, N/A, N/A, N/A, N/A, N/A, 
32, 402653184, 1, 6291456, 512, 434.019, 883.583, 294.734, 15.3271, 18.3588, 320291, 1646.71, 1, 512, 1, 1, 1, 1, 71.52, N/A, N/A, N/A, N/A, N/A, N/A, N/A, 
32, 469762048, 1, 7340032, 512, 568.676, 1193.04, 343.429, 17.7283, 21.2653, 373476, 1918.07, 1, 512, 1, 1, 1, 1, 71.6342, N/A, N/A, N/A, N/A, N/A, N/A, N/A, 
